{"/home/dagargon89/gestor_vehiculos_GPJ/backend/src/app.controller.ts": {"path":"/home/dagargon89/gestor_vehiculos_GPJ/backend/src/app.controller.ts","statementMap":{"0":{"start":{"line":1,"column":0},"end":{"line":1,"column":49}},"1":{"start":{"line":4,"column":7},"end":{"line":9,"column":null}},"2":{"start":{"line":7,"column":4},"end":{"line":7,"column":65}},"3":{"start":{"line":4,"column":13},"end":{"line":4,"column":26}},"4":{"start":{"line":6,"column":2},"end":{"line":8,"column":null}},"5":{"start":{"line":4,"column":13},"end":{"line":9,"column":null}}},"fnMap":{"0":{"name":"(anonymous_2)","decl":{"start":{"line":6,"column":2},"end":{"line":6,"column":8}},"loc":{"start":{"line":6,"column":8},"end":{"line":8,"column":3}}}},"branchMap":{},"s":{"0":0,"1":0,"2":0,"3":0,"4":0,"5":0},"f":{"0":0},"b":{}}
,"/home/dagargon89/gestor_vehiculos_GPJ/backend/src/app.module.ts": {"path":"/home/dagargon89/gestor_vehiculos_GPJ/backend/src/app.module.ts","statementMap":{"0":{"start":{"line":1,"column":0},"end":{"line":1,"column":40}},"1":{"start":{"line":2,"column":0},"end":{"line":2,"column":50}},"2":{"start":{"line":3,"column":0},"end":{"line":3,"column":46}},"3":{"start":{"line":4,"column":0},"end":{"line":4,"column":48}},"4":{"start":{"line":5,"column":0},"end":{"line":5,"column":61}},"5":{"start":{"line":6,"column":0},"end":{"line":6,"column":49}},"6":{"start":{"line":7,"column":0},"end":{"line":7,"column":54}},"7":{"start":{"line":8,"column":0},"end":{"line":8,"column":56}},"8":{"start":{"line":9,"column":0},"end":{"line":9,"column":59}},"9":{"start":{"line":10,"column":0},"end":{"line":10,"column":65}},"10":{"start":{"line":11,"column":0},"end":{"line":11,"column":68}},"11":{"start":{"line":12,"column":0},"end":{"line":12,"column":80}},"12":{"start":{"line":13,"column":0},"end":{"line":13,"column":65}},"13":{"start":{"line":14,"column":0},"end":{"line":14,"column":77}},"14":{"start":{"line":15,"column":0},"end":{"line":15,"column":59}},"15":{"start":{"line":16,"column":0},"end":{"line":16,"column":88}},"16":{"start":{"line":17,"column":0},"end":{"line":17,"column":71}},"17":{"start":{"line":18,"column":0},"end":{"line":18,"column":77}},"18":{"start":{"line":19,"column":0},"end":{"line":19,"column":79}},"19":{"start":{"line":20,"column":0},"end":{"line":20,"column":59}},"20":{"start":{"line":21,"column":0},"end":{"line":21,"column":71}},"21":{"start":{"line":22,"column":0},"end":{"line":22,"column":56}},"22":{"start":{"line":23,"column":0},"end":{"line":23,"column":83}},"23":{"start":{"line":24,"column":0},"end":{"line":24,"column":71}},"24":{"start":{"line":25,"column":0},"end":{"line":25,"column":73}},"25":{"start":{"line":26,"column":0},"end":{"line":26,"column":94}},"26":{"start":{"line":56,"column":7},"end":{"line":56,"column":null}},"27":{"start":{"line":56,"column":13},"end":{"line":56,"column":22}},"28":{"start":{"line":56,"column":13},"end":{"line":56,"column":null}}},"fnMap":{},"branchMap":{},"s":{"0":0,"1":0,"2":0,"3":0,"4":0,"5":0,"6":0,"7":0,"8":0,"9":0,"10":0,"11":0,"12":0,"13":0,"14":0,"15":0,"16":0,"17":0,"18":0,"19":0,"20":0,"21":0,"22":0,"23":0,"24":0,"25":0,"26":0,"27":0,"28":0},"f":{},"b":{}}
,"/home/dagargon89/gestor_vehiculos_GPJ/backend/src/main.ts": {"path":"/home/dagargon89/gestor_vehiculos_GPJ/backend/src/main.ts","statementMap":{"0":{"start":{"line":1,"column":0},"end":{"line":1,"column":23}},"1":{"start":{"line":2,"column":0},"end":{"line":2,"column":43}},"2":{"start":{"line":3,"column":0},"end":{"line":3,"column":48}},"3":{"start":{"line":4,"column":0},"end":{"line":4,"column":41}},"4":{"start":{"line":7,"column":14},"end":{"line":7,"column":49}},"5":{"start":{"line":8,"column":2},"end":{"line":8,"column":29}},"6":{"start":{"line":9,"column":2},"end":{"line":15,"column":4}},"7":{"start":{"line":16,"column":25},"end":{"line":25,"column":8}},"8":{"start":{"line":26,"column":2},"end":{"line":35,"column":5}},"9":{"start":{"line":28,"column":6},"end":{"line":32,"column":7}},"10":{"start":{"line":29,"column":8},"end":{"line":29,"column":29}},"11":{"start":{"line":31,"column":8},"end":{"line":31,"column":30}},"12":{"start":{"line":36,"column":15},"end":{"line":36,"column":39}},"13":{"start":{"line":37,"column":2},"end":{"line":37,"column":36}},"14":{"start":{"line":38,"column":2},"end":{"line":38,"column":59}},"15":{"start":{"line":41,"column":0},"end":{"line":44,"column":3}},"16":{"start":{"line":42,"column":2},"end":{"line":42,"column":53}},"17":{"start":{"line":43,"column":2},"end":{"line":43,"column":18}}},"fnMap":{"0":{"name":"bootstrap","decl":{"start":{"line":6,"column":15},"end":{"line":6,"column":24}},"loc":{"start":{"line":6,"column":24},"end":{"line":39,"column":1}}},"1":{"name":"(anonymous_1)","decl":{"start":{"line":27,"column":12},"end":{"line":27,"column":13}},"loc":{"start":{"line":27,"column":33},"end":{"line":33,"column":5}}},"2":{"name":"(anonymous_2)","decl":{"start":{"line":41,"column":18},"end":{"line":41,"column":19}},"loc":{"start":{"line":41,"column":26},"end":{"line":44,"column":1}}}},"branchMap":{"0":{"loc":{"start":{"line":16,"column":25},"end":{"line":25,"column":8}},"type":"cond-expr","locations":[{"start":{"line":17,"column":6},"end":{"line":17,"column":32}},{"start":{"line":18,"column":6},"end":{"line":25,"column":8}}]},"1":{"loc":{"start":{"line":28,"column":6},"end":{"line":32,"column":7}},"type":"if","locations":[{"start":{"line":28,"column":6},"end":{"line":32,"column":7}},{"start":{"line":30,"column":13},"end":{"line":32,"column":7}}]},"2":{"loc":{"start":{"line":28,"column":10},"end":{"line":28,"column":52}},"type":"binary-expr","locations":[{"start":{"line":28,"column":10},"end":{"line":28,"column":17}},{"start":{"line":28,"column":21},"end":{"line":28,"column":52}}]},"3":{"loc":{"start":{"line":36,"column":15},"end":{"line":36,"column":39}},"type":"binary-expr","locations":[{"start":{"line":36,"column":15},"end":{"line":36,"column":31}},{"start":{"line":36,"column":35},"end":{"line":36,"column":39}}]}},"s":{"0":0,"1":0,"2":0,"3":0,"4":0,"5":0,"6":0,"7":0,"8":0,"9":0,"10":0,"11":0,"12":0,"13":0,"14":0,"15":0,"16":0,"17":0},"f":{"0":0,"1":0,"2":0},"b":{"0":[0,0],"1":[0,0],"2":[0,0],"3":[0,0]}}
,"/home/dagargon89/gestor_vehiculos_GPJ/backend/src/common/common.module.ts": {"path":"/home/dagargon89/gestor_vehiculos_GPJ/backend/src/common/common.module.ts","statementMap":{"0":{"start":{"line":1,"column":0},"end":{"line":1,"column":48}},"1":{"start":{"line":2,"column":0},"end":{"line":2,"column":65}},"2":{"start":{"line":3,"column":0},"end":{"line":3,"column":62}},"3":{"start":{"line":4,"column":0},"end":{"line":4,"column":60}},"4":{"start":{"line":12,"column":7},"end":{"line":12,"column":null}},"5":{"start":{"line":12,"column":13},"end":{"line":12,"column":25}},"6":{"start":{"line":12,"column":13},"end":{"line":12,"column":null}}},"fnMap":{},"branchMap":{},"s":{"0":0,"1":0,"2":0,"3":0,"4":0,"5":0,"6":0},"f":{},"b":{}}
,"/home/dagargon89/gestor_vehiculos_GPJ/backend/src/common/decorators/current-user.decorator.ts": {"path":"/home/dagargon89/gestor_vehiculos_GPJ/backend/src/common/decorators/current-user.decorator.ts","statementMap":{"0":{"start":{"line":1,"column":0},"end":{"line":1,"column":72}},"1":{"start":{"line":15,"column":13},"end":{"line":22,"column":2}},"2":{"start":{"line":17,"column":20},"end":{"line":17,"column":51}},"3":{"start":{"line":18,"column":17},"end":{"line":18,"column":29}},"4":{"start":{"line":19,"column":4},"end":{"line":19,"column":40}},"5":{"start":{"line":19,"column":22},"end":{"line":19,"column":40}},"6":{"start":{"line":20,"column":4},"end":{"line":20,"column":16}}},"fnMap":{"0":{"name":"(anonymous_0)","decl":{"start":{"line":16,"column":2},"end":{"line":16,"column":3}},"loc":{"start":{"line":16,"column":102},"end":{"line":21,"column":3}}}},"branchMap":{"0":{"loc":{"start":{"line":19,"column":4},"end":{"line":19,"column":40}},"type":"if","locations":[{"start":{"line":19,"column":4},"end":{"line":19,"column":40}},{"start":{},"end":{}}]},"1":{"loc":{"start":{"line":19,"column":8},"end":{"line":19,"column":20}},"type":"binary-expr","locations":[{"start":{"line":19,"column":8},"end":{"line":19,"column":12}},{"start":{"line":19,"column":16},"end":{"line":19,"column":20}}]}},"s":{"0":1,"1":1,"2":0,"3":0,"4":0,"5":0,"6":0},"f":{"0":0},"b":{"0":[0,0],"1":[0,0]}}
,"/home/dagargon89/gestor_vehiculos_GPJ/backend/src/common/decorators/permissions.decorator.ts": {"path":"/home/dagargon89/gestor_vehiculos_GPJ/backend/src/common/decorators/permissions.decorator.ts","statementMap":{"0":{"start":{"line":1,"column":0},"end":{"line":1,"column":45}},"1":{"start":{"line":2,"column":0},"end":{"line":2,"column":69}},"2":{"start":{"line":4,"column":33},"end":{"line":5,"column":59}},"3":{"start":{"line":5,"column":2},"end":{"line":5,"column":59}},"4":{"start":{"line":4,"column":13},"end":{"line":4,"column":33}}},"fnMap":{"0":{"name":"(anonymous_0)","decl":{"start":{"line":4,"column":33},"end":{"line":4,"column":34}},"loc":{"start":{"line":5,"column":2},"end":{"line":5,"column":59}}}},"branchMap":{},"s":{"0":3,"1":3,"2":3,"3":16,"4":3},"f":{"0":16},"b":{}}
,"/home/dagargon89/gestor_vehiculos_GPJ/backend/src/common/guards/firebase-auth.guard.ts": {"path":"/home/dagargon89/gestor_vehiculos_GPJ/backend/src/common/guards/firebase-auth.guard.ts","statementMap":{"0":{"start":{"line":1,"column":0},"end":{"line":1,"column":null}},"1":{"start":{"line":9,"column":0},"end":{"line":9,"column":66}},"2":{"start":{"line":10,"column":0},"end":{"line":10,"column":65}},"3":{"start":{"line":13,"column":30},"end":{"line":90,"column":null}},"4":{"start":{"line":16,"column":31},"end":{"line":16,"column":45}},"5":{"start":{"line":14,"column":19},"end":{"line":14,"column":63}},"6":{"start":{"line":19,"column":20},"end":{"line":19,"column":55}},"7":{"start":{"line":20,"column":23},"end":{"line":20,"column":52}},"8":{"start":{"line":22,"column":4},"end":{"line":24,"column":5}},"9":{"start":{"line":23,"column":6},"end":{"line":23,"column":82}},"10":{"start":{"line":26,"column":18},"end":{"line":26,"column":48}},"11":{"start":{"line":28,"column":4},"end":{"line":30,"column":5}},"12":{"start":{"line":29,"column":6},"end":{"line":29,"column":65}},"13":{"start":{"line":32,"column":4},"end":{"line":88,"column":5}},"14":{"start":{"line":33,"column":27},"end":{"line":33,"column":66}},"15":{"start":{"line":34,"column":26},"end":{"line":34,"column":42}},"16":{"start":{"line":36,"column":17},"end":{"line":36,"column":71}},"17":{"start":{"line":38,"column":6},"end":{"line":46,"column":7}},"18":{"start":{"line":39,"column":8},"end":{"line":39,"column":64}},"19":{"start":{"line":40,"column":8},"end":{"line":45,"column":11}},"20":{"start":{"line":48,"column":6},"end":{"line":52,"column":7}},"21":{"start":{"line":49,"column":8},"end":{"line":49,"column":57}},"22":{"start":{"line":51,"column":8},"end":{"line":51,"column":101}},"23":{"start":{"line":53,"column":34},"end":{"line":53,"column":89}},"24":{"start":{"line":55,"column":6},"end":{"line":57,"column":7}},"25":{"start":{"line":56,"column":8},"end":{"line":56,"column":73}},"26":{"start":{"line":59,"column":19},"end":{"line":59,"column":43}},"27":{"start":{"line":60,"column":26},"end":{"line":62,"column":12}},"28":{"start":{"line":63,"column":6},"end":{"line":67,"column":8}},"29":{"start":{"line":68,"column":6},"end":{"line":68,"column":43}},"30":{"start":{"line":69,"column":6},"end":{"line":69,"column":18}},"31":{"start":{"line":71,"column":6},"end":{"line":73,"column":7}},"32":{"start":{"line":72,"column":8},"end":{"line":72,"column":18}},"33":{"start":{"line":74,"column":20},"end":{"line":74,"column":78}},"34":{"start":{"line":75,"column":6},"end":{"line":77,"column":7}},"35":{"start":{"line":76,"column":8},"end":{"line":76,"column":58}},"36":{"start":{"line":78,"column":6},"end":{"line":80,"column":7}},"37":{"start":{"line":79,"column":8},"end":{"line":79,"column":58}},"38":{"start":{"line":81,"column":18},"end":{"line":81,"column":46}},"39":{"start":{"line":82,"column":6},"end":{"line":82,"column":91}},"40":{"start":{"line":84,"column":20},"end":{"line":84,"column":57}},"41":{"start":{"line":85,"column":6},"end":{"line":87,"column":8}},"42":{"start":{"line":13,"column":13},"end":{"line":13,"column":30}},"43":{"start":{"line":13,"column":13},"end":{"line":90,"column":null}}},"fnMap":{"0":{"name":"(anonymous_2)","decl":{"start":{"line":16,"column":2},"end":{"line":16,"column":31}},"loc":{"start":{"line":16,"column":57},"end":{"line":16,"column":61}}},"1":{"name":"(anonymous_3)","decl":{"start":{"line":18,"column":2},"end":{"line":18,"column":7}},"loc":{"start":{"line":18,"column":45},"end":{"line":89,"column":3}}}},"branchMap":{"0":{"loc":{"start":{"line":22,"column":4},"end":{"line":24,"column":5}},"type":"if","locations":[{"start":{"line":22,"column":4},"end":{"line":24,"column":5}},{"start":{},"end":{}}]},"1":{"loc":{"start":{"line":22,"column":8},"end":{"line":22,"column":56}},"type":"binary-expr","locations":[{"start":{"line":22,"column":8},"end":{"line":22,"column":19}},{"start":{"line":22,"column":23},"end":{"line":22,"column":56}}]},"2":{"loc":{"start":{"line":28,"column":4},"end":{"line":30,"column":5}},"type":"if","locations":[{"start":{"line":28,"column":4},"end":{"line":30,"column":5}},{"start":{},"end":{}}]},"3":{"loc":{"start":{"line":38,"column":6},"end":{"line":46,"column":7}},"type":"if","locations":[{"start":{"line":38,"column":6},"end":{"line":46,"column":7}},{"start":{},"end":{}}]},"4":{"loc":{"start":{"line":42,"column":17},"end":{"line":42,"column":41}},"type":"binary-expr","locations":[{"start":{"line":42,"column":17},"end":{"line":42,"column":35}},{"start":{"line":42,"column":39},"end":{"line":42,"column":41}}]},"5":{"loc":{"start":{"line":43,"column":23},"end":{"line":43,"column":48}},"type":"binary-expr","locations":[{"start":{"line":43,"column":23},"end":{"line":43,"column":40}},{"start":{"line":43,"column":44},"end":{"line":43,"column":48}}]},"6":{"loc":{"start":{"line":44,"column":20},"end":{"line":44,"column":48}},"type":"binary-expr","locations":[{"start":{"line":44,"column":20},"end":{"line":44,"column":40}},{"start":{"line":44,"column":44},"end":{"line":44,"column":48}}]},"7":{"loc":{"start":{"line":55,"column":6},"end":{"line":57,"column":7}},"type":"if","locations":[{"start":{"line":55,"column":6},"end":{"line":57,"column":7}},{"start":{},"end":{}}]},"8":{"loc":{"start":{"line":60,"column":26},"end":{"line":62,"column":12}},"type":"cond-expr","locations":[{"start":{"line":61,"column":11},"end":{"line":61,"column":102}},{"start":{"line":62,"column":10},"end":{"line":62,"column":12}}]},"9":{"loc":{"start":{"line":65,"column":14},"end":{"line":65,"column":68}},"type":"cond-expr","locations":[{"start":{"line":65,"column":29},"end":{"line":65,"column":61}},{"start":{"line":65,"column":64},"end":{"line":65,"column":68}}]},"10":{"loc":{"start":{"line":71,"column":6},"end":{"line":73,"column":7}},"type":"if","locations":[{"start":{"line":71,"column":6},"end":{"line":73,"column":7}},{"start":{},"end":{}}]},"11":{"loc":{"start":{"line":75,"column":6},"end":{"line":77,"column":7}},"type":"if","locations":[{"start":{"line":75,"column":6},"end":{"line":77,"column":7}},{"start":{},"end":{}}]},"12":{"loc":{"start":{"line":78,"column":6},"end":{"line":80,"column":7}},"type":"if","locations":[{"start":{"line":78,"column":6},"end":{"line":80,"column":7}},{"start":{},"end":{}}]},"13":{"loc":{"start":{"line":78,"column":10},"end":{"line":78,"column":62}},"type":"binary-expr","locations":[{"start":{"line":78,"column":10},"end":{"line":78,"column":20}},{"start":{"line":78,"column":24},"end":{"line":78,"column":62}}]},"14":{"loc":{"start":{"line":81,"column":18},"end":{"line":81,"column":46}},"type":"binary-expr","locations":[{"start":{"line":81,"column":18},"end":{"line":81,"column":31}},{"start":{"line":81,"column":35},"end":{"line":81,"column":46}}]},"15":{"loc":{"start":{"line":86,"column":8},"end":{"line":86,"column":95}},"type":"cond-expr","locations":[{"start":{"line":86,"column":16},"end":{"line":86,"column":58}},{"start":{"line":86,"column":61},"end":{"line":86,"column":95}}]}},"s":{"0":3,"1":3,"2":3,"3":3,"4":0,"5":0,"6":0,"7":0,"8":0,"9":0,"10":0,"11":0,"12":0,"13":0,"14":0,"15":0,"16":0,"17":0,"18":0,"19":0,"20":0,"21":0,"22":0,"23":0,"24":0,"25":0,"26":0,"27":0,"28":0,"29":0,"30":0,"31":0,"32":0,"33":0,"34":0,"35":0,"36":0,"37":0,"38":0,"39":0,"40":0,"41":0,"42":3,"43":3},"f":{"0":0,"1":0},"b":{"0":[0,0],"1":[0,0],"2":[0,0],"3":[0,0],"4":[0,0],"5":[0,0],"6":[0,0],"7":[0,0],"8":[0,0],"9":[0,0],"10":[0,0],"11":[0,0],"12":[0,0],"13":[0,0],"14":[0,0],"15":[0,0]}}
,"/home/dagargon89/gestor_vehiculos_GPJ/backend/src/common/guards/permissions.guard.ts": {"path":"/home/dagargon89/gestor_vehiculos_GPJ/backend/src/common/guards/permissions.guard.ts","statementMap":{"0":{"start":{"line":1,"column":0},"end":{"line":1,"column":null}},"1":{"start":{"line":7,"column":0},"end":{"line":7,"column":41}},"2":{"start":{"line":10,"column":13},"end":{"line":10,"column":59}},"3":{"start":{"line":14,"column":78},"end":{"line":29,"column":2}},"4":{"start":{"line":32,"column":7},"end":{"line":70,"column":null}},"5":{"start":{"line":33,"column":22},"end":{"line":33,"column":33}},"6":{"start":{"line":36,"column":21},"end":{"line":38,"column":null}},"7":{"start":{"line":40,"column":4},"end":{"line":40,"column":31}},"8":{"start":{"line":40,"column":19},"end":{"line":40,"column":31}},"9":{"start":{"line":42,"column":20},"end":{"line":42,"column":55}},"10":{"start":{"line":43,"column":17},"end":{"line":43,"column":51}},"11":{"start":{"line":44,"column":4},"end":{"line":44,"column":61}},"12":{"start":{"line":44,"column":15},"end":{"line":44,"column":61}},"13":{"start":{"line":46,"column":21},"end":{"line":46,"column":51}},"14":{"start":{"line":49,"column":4},"end":{"line":49,"column":42}},"15":{"start":{"line":49,"column":30},"end":{"line":49,"column":42}},"16":{"start":{"line":51,"column":22},"end":{"line":51,"column":44}},"17":{"start":{"line":55,"column":6},"end":{"line":62,"column":18}},"18":{"start":{"line":59,"column":22},"end":{"line":59,"column":100}},"19":{"start":{"line":59,"column":45},"end":{"line":59,"column":99}},"20":{"start":{"line":64,"column":26},"end":{"line":65,"column":null}},"21":{"start":{"line":65,"column":13},"end":{"line":65,"column":77}},"22":{"start":{"line":67,"column":4},"end":{"line":67,"column":85}},"23":{"start":{"line":67,"column":24},"end":{"line":67,"column":85}},"24":{"start":{"line":68,"column":4},"end":{"line":68,"column":16}},"25":{"start":{"line":32,"column":13},"end":{"line":32,"column":29}},"26":{"start":{"line":32,"column":13},"end":{"line":70,"column":null}}},"fnMap":{"0":{"name":"(anonymous_2)","decl":{"start":{"line":33,"column":2},"end":{"line":33,"column":22}},"loc":{"start":{"line":33,"column":42},"end":{"line":33,"column":46}}},"1":{"name":"(anonymous_3)","decl":{"start":{"line":35,"column":2},"end":{"line":35,"column":13}},"loc":{"start":{"line":35,"column":39},"end":{"line":69,"column":3}}},"2":{"name":"(anonymous_4)","decl":{"start":{"line":59,"column":14},"end":{"line":59,"column":15}},"loc":{"start":{"line":59,"column":22},"end":{"line":59,"column":100}}},"3":{"name":"(anonymous_5)","decl":{"start":{"line":59,"column":37},"end":{"line":59,"column":38}},"loc":{"start":{"line":59,"column":45},"end":{"line":59,"column":99}}},"4":{"name":"(anonymous_6)","decl":{"start":{"line":65,"column":6},"end":{"line":65,"column":7}},"loc":{"start":{"line":65,"column":13},"end":{"line":65,"column":77}}}},"branchMap":{"0":{"loc":{"start":{"line":40,"column":4},"end":{"line":40,"column":31}},"type":"if","locations":[{"start":{"line":40,"column":4},"end":{"line":40,"column":31}},{"start":{},"end":{}}]},"1":{"loc":{"start":{"line":44,"column":4},"end":{"line":44,"column":61}},"type":"if","locations":[{"start":{"line":44,"column":4},"end":{"line":44,"column":61}},{"start":{},"end":{}}]},"2":{"loc":{"start":{"line":49,"column":4},"end":{"line":49,"column":42}},"type":"if","locations":[{"start":{"line":49,"column":4},"end":{"line":49,"column":42}},{"start":{},"end":{}}]},"3":{"loc":{"start":{"line":51,"column":22},"end":{"line":51,"column":44}},"type":"binary-expr","locations":[{"start":{"line":51,"column":22},"end":{"line":51,"column":38}},{"start":{"line":51,"column":42},"end":{"line":51,"column":44}}]},"4":{"loc":{"start":{"line":55,"column":6},"end":{"line":62,"column":18}},"type":"cond-expr","locations":[{"start":{"line":56,"column":10},"end":{"line":61,"column":null}},{"start":{"line":62,"column":10},"end":{"line":62,"column":18}}]},"5":{"loc":{"start":{"line":59,"column":45},"end":{"line":59,"column":99}},"type":"binary-expr","locations":[{"start":{"line":59,"column":45},"end":{"line":59,"column":72}},{"start":{"line":59,"column":76},"end":{"line":59,"column":99}}]},"6":{"loc":{"start":{"line":65,"column":13},"end":{"line":65,"column":77}},"type":"binary-expr","locations":[{"start":{"line":65,"column":13},"end":{"line":65,"column":45}},{"start":{"line":65,"column":49},"end":{"line":65,"column":77}}]},"7":{"loc":{"start":{"line":67,"column":4},"end":{"line":67,"column":85}},"type":"if","locations":[{"start":{"line":67,"column":4},"end":{"line":67,"column":85}},{"start":{},"end":{}}]}},"s":{"0":3,"1":3,"2":3,"3":3,"4":3,"5":0,"6":0,"7":0,"8":0,"9":0,"10":0,"11":0,"12":0,"13":0,"14":0,"15":0,"16":0,"17":0,"18":0,"19":0,"20":0,"21":0,"22":0,"23":0,"24":0,"25":3,"26":3},"f":{"0":0,"1":0,"2":0,"3":0,"4":0},"b":{"0":[0,0],"1":[0,0],"2":[0,0],"3":[0,0],"4":[0,0],"5":[0,0],"6":[0,0],"7":[0,0]}}
,"/home/dagargon89/gestor_vehiculos_GPJ/backend/src/config/database.config.ts": {"path":"/home/dagargon89/gestor_vehiculos_GPJ/backend/src/config/database.config.ts","statementMap":{"0":{"start":{"line":3,"column":33},"end":{"line":13,"column":2}},"1":{"start":{"line":3,"column":62},"end":{"line":13,"column":2}},"2":{"start":{"line":3,"column":13},"end":{"line":3,"column":33}}},"fnMap":{"0":{"name":"(anonymous_0)","decl":{"start":{"line":3,"column":33},"end":{"line":3,"column":58}},"loc":{"start":{"line":3,"column":62},"end":{"line":13,"column":2}}}},"branchMap":{"0":{"loc":{"start":{"line":5,"column":8},"end":{"line":5,"column":42}},"type":"binary-expr","locations":[{"start":{"line":5,"column":8},"end":{"line":5,"column":27}},{"start":{"line":5,"column":31},"end":{"line":5,"column":42}}]},"1":{"loc":{"start":{"line":6,"column":17},"end":{"line":6,"column":46}},"type":"binary-expr","locations":[{"start":{"line":6,"column":17},"end":{"line":6,"column":36}},{"start":{"line":6,"column":40},"end":{"line":6,"column":46}}]},"2":{"loc":{"start":{"line":7,"column":12},"end":{"line":7,"column":47}},"type":"binary-expr","locations":[{"start":{"line":7,"column":12},"end":{"line":7,"column":31}},{"start":{"line":7,"column":35},"end":{"line":7,"column":47}}]},"3":{"loc":{"start":{"line":8,"column":12},"end":{"line":8,"column":53}},"type":"binary-expr","locations":[{"start":{"line":8,"column":12},"end":{"line":8,"column":35}},{"start":{"line":8,"column":39},"end":{"line":8,"column":53}}]},"4":{"loc":{"start":{"line":9,"column":12},"end":{"line":9,"column":53}},"type":"binary-expr","locations":[{"start":{"line":9,"column":12},"end":{"line":9,"column":31}},{"start":{"line":9,"column":35},"end":{"line":9,"column":53}}]}},"s":{"0":0,"1":0,"2":0},"f":{"0":0},"b":{"0":[0,0],"1":[0,0],"2":[0,0],"3":[0,0],"4":[0,0]}}
,"/home/dagargon89/gestor_vehiculos_GPJ/backend/src/config/firebase-admin.config.ts": {"path":"/home/dagargon89/gestor_vehiculos_GPJ/backend/src/config/firebase-admin.config.ts","statementMap":{"0":{"start":{"line":1,"column":0},"end":{"line":1,"column":40}},"1":{"start":{"line":7,"column":50},"end":{"line":7,"column":54}},"2":{"start":{"line":9,"column":0},"end":{"line":33,"column":1}},"3":{"start":{"line":10,"column":14},"end":{"line":10,"column":54}},"4":{"start":{"line":11,"column":2},"end":{"line":28,"column":3}},"5":{"start":{"line":12,"column":19},"end":{"line":12,"column":61}},"6":{"start":{"line":13,"column":4},"end":{"line":27,"column":5}},"7":{"start":{"line":14,"column":6},"end":{"line":24,"column":7}},"8":{"start":{"line":19,"column":8},"end":{"line":19,"column":56}},"9":{"start":{"line":21,"column":8},"end":{"line":23,"column":10}},"10":{"start":{"line":26,"column":6},"end":{"line":26,"column":105}},"11":{"start":{"line":30,"column":2},"end":{"line":32,"column":4}},"12":{"start":{"line":35,"column":0},"end":{"line":40,"column":1}},"13":{"start":{"line":36,"column":2},"end":{"line":39,"column":5}},"14":{"start":{"line":42,"column":13},"end":{"line":42,"column":65}},"15":{"start":{"line":43,"column":13},"end":{"line":43,"column":71}},"16":{"start":{"line":44,"column":0},"end":{"line":44,"column":21}}},"fnMap":{},"branchMap":{"0":{"loc":{"start":{"line":11,"column":2},"end":{"line":28,"column":3}},"type":"if","locations":[{"start":{"line":11,"column":2},"end":{"line":28,"column":3}},{"start":{},"end":{}}]},"1":{"loc":{"start":{"line":11,"column":6},"end":{"line":11,"column":23}},"type":"binary-expr","locations":[{"start":{"line":11,"column":6},"end":{"line":11,"column":9}},{"start":{"line":11,"column":13},"end":{"line":11,"column":23}}]},"2":{"loc":{"start":{"line":13,"column":4},"end":{"line":27,"column":5}},"type":"if","locations":[{"start":{"line":13,"column":4},"end":{"line":27,"column":5}},{"start":{"line":25,"column":11},"end":{"line":27,"column":5}}]},"3":{"loc":{"start":{"line":13,"column":8},"end":{"line":13,"column":78}},"type":"binary-expr","locations":[{"start":{"line":13,"column":8},"end":{"line":13,"column":14}},{"start":{"line":13,"column":18},"end":{"line":13,"column":44}},{"start":{"line":13,"column":48},"end":{"line":13,"column":78}}]},"4":{"loc":{"start":{"line":14,"column":6},"end":{"line":24,"column":7}},"type":"if","locations":[{"start":{"line":14,"column":6},"end":{"line":24,"column":7}},{"start":{"line":20,"column":13},"end":{"line":24,"column":7}}]},"5":{"loc":{"start":{"line":15,"column":8},"end":{"line":17,"column":26}},"type":"binary-expr","locations":[{"start":{"line":15,"column":8},"end":{"line":15,"column":47}},{"start":{"line":16,"column":8},"end":{"line":16,"column":45}},{"start":{"line":17,"column":8},"end":{"line":17,"column":26}}]},"6":{"loc":{"start":{"line":35,"column":0},"end":{"line":40,"column":1}},"type":"if","locations":[{"start":{"line":35,"column":0},"end":{"line":40,"column":1}},{"start":{},"end":{}}]},"7":{"loc":{"start":{"line":42,"column":28},"end":{"line":42,"column":64}},"type":"cond-expr","locations":[{"start":{"line":42,"column":45},"end":{"line":42,"column":57}},{"start":{"line":42,"column":60},"end":{"line":42,"column":64}}]},"8":{"loc":{"start":{"line":43,"column":31},"end":{"line":43,"column":70}},"type":"cond-expr","locations":[{"start":{"line":43,"column":48},"end":{"line":43,"column":63}},{"start":{"line":43,"column":66},"end":{"line":43,"column":70}}]}},"s":{"0":3,"1":3,"2":3,"3":3,"4":3,"5":0,"6":0,"7":0,"8":0,"9":0,"10":0,"11":0,"12":3,"13":0,"14":3,"15":3,"16":3},"f":{},"b":{"0":[0,3],"1":[3,0],"2":[0,0],"3":[0,0,0],"4":[0,0],"5":[0,0,0],"6":[0,3],"7":[0,3],"8":[0,3]}}
,"/home/dagargon89/gestor_vehiculos_GPJ/backend/src/config/redis.config.ts": {"path":"/home/dagargon89/gestor_vehiculos_GPJ/backend/src/config/redis.config.ts","statementMap":{"0":{"start":{"line":1,"column":30},"end":{"line":4,"column":2}},"1":{"start":{"line":1,"column":37},"end":{"line":4,"column":2}},"2":{"start":{"line":1,"column":13},"end":{"line":1,"column":30}}},"fnMap":{"0":{"name":"(anonymous_0)","decl":{"start":{"line":1,"column":30},"end":{"line":1,"column":33}},"loc":{"start":{"line":1,"column":37},"end":{"line":4,"column":2}}}},"branchMap":{"0":{"loc":{"start":{"line":2,"column":8},"end":{"line":2,"column":45}},"type":"binary-expr","locations":[{"start":{"line":2,"column":8},"end":{"line":2,"column":30}},{"start":{"line":2,"column":34},"end":{"line":2,"column":45}}]},"1":{"loc":{"start":{"line":3,"column":17},"end":{"line":3,"column":49}},"type":"binary-expr","locations":[{"start":{"line":3,"column":17},"end":{"line":3,"column":39}},{"start":{"line":3,"column":43},"end":{"line":3,"column":49}}]}},"s":{"0":0,"1":0,"2":0},"f":{"0":0},"b":{"0":[0,0],"1":[0,0]}}
,"/home/dagargon89/gestor_vehiculos_GPJ/backend/src/config/typeorm-data-source.ts": {"path":"/home/dagargon89/gestor_vehiculos_GPJ/backend/src/config/typeorm-data-source.ts","statementMap":{"0":{"start":{"line":1,"column":0},"end":{"line":1,"column":37}},"1":{"start":{"line":2,"column":0},"end":{"line":2,"column":56}},"2":{"start":{"line":3,"column":0},"end":{"line":3,"column":68}},"3":{"start":{"line":4,"column":0},"end":{"line":4,"column":56}},"4":{"start":{"line":5,"column":0},"end":{"line":5,"column":62}},"5":{"start":{"line":6,"column":0},"end":{"line":6,"column":64}},"6":{"start":{"line":7,"column":0},"end":{"line":7,"column":75}},"7":{"start":{"line":8,"column":0},"end":{"line":8,"column":70}},"8":{"start":{"line":9,"column":0},"end":{"line":9,"column":70}},"9":{"start":{"line":10,"column":0},"end":{"line":10,"column":69}},"10":{"start":{"line":11,"column":0},"end":{"line":11,"column":56}},"11":{"start":{"line":12,"column":0},"end":{"line":12,"column":64}},"12":{"start":{"line":13,"column":0},"end":{"line":13,"column":64}},"13":{"start":{"line":14,"column":0},"end":{"line":14,"column":72}},"14":{"start":{"line":15,"column":0},"end":{"line":15,"column":65}},"15":{"start":{"line":16,"column":0},"end":{"line":16,"column":71}},"16":{"start":{"line":17,"column":0},"end":{"line":17,"column":79}},"17":{"start":{"line":19,"column":0},"end":{"line":47,"column":3}}},"fnMap":{},"branchMap":{"0":{"loc":{"start":{"line":21,"column":8},"end":{"line":21,"column":42}},"type":"binary-expr","locations":[{"start":{"line":21,"column":8},"end":{"line":21,"column":27}},{"start":{"line":21,"column":31},"end":{"line":21,"column":42}}]},"1":{"loc":{"start":{"line":22,"column":17},"end":{"line":22,"column":46}},"type":"binary-expr","locations":[{"start":{"line":22,"column":17},"end":{"line":22,"column":36}},{"start":{"line":22,"column":40},"end":{"line":22,"column":46}}]},"2":{"loc":{"start":{"line":23,"column":12},"end":{"line":23,"column":47}},"type":"binary-expr","locations":[{"start":{"line":23,"column":12},"end":{"line":23,"column":31}},{"start":{"line":23,"column":35},"end":{"line":23,"column":47}}]},"3":{"loc":{"start":{"line":24,"column":12},"end":{"line":24,"column":53}},"type":"binary-expr","locations":[{"start":{"line":24,"column":12},"end":{"line":24,"column":35}},{"start":{"line":24,"column":39},"end":{"line":24,"column":53}}]},"4":{"loc":{"start":{"line":25,"column":12},"end":{"line":25,"column":53}},"type":"binary-expr","locations":[{"start":{"line":25,"column":12},"end":{"line":25,"column":31}},{"start":{"line":25,"column":35},"end":{"line":25,"column":53}}]}},"s":{"0":0,"1":0,"2":0,"3":0,"4":0,"5":0,"6":0,"7":0,"8":0,"9":0,"10":0,"11":0,"12":0,"13":0,"14":0,"15":0,"16":0,"17":0},"f":{},"b":{"0":[0,0],"1":[0,0],"2":[0,0],"3":[0,0],"4":[0,0]}}
,"/home/dagargon89/gestor_vehiculos_GPJ/backend/src/database/entities/audit-log.entity.ts": {"path":"/home/dagargon89/gestor_vehiculos_GPJ/backend/src/database/entities/audit-log.entity.ts","statementMap":{"0":{"start":{"line":1,"column":0},"end":{"line":1,"column":null}},"1":{"start":{"line":9,"column":7},"end":{"line":30,"column":null}},"2":{"start":{"line":9,"column":13},"end":{"line":9,"column":21}},"3":{"start":{"line":11,"column":2},"end":{"line":11,"column":null}},"4":{"start":{"line":14,"column":2},"end":{"line":14,"column":null}},"5":{"start":{"line":17,"column":2},"end":{"line":17,"column":null}},"6":{"start":{"line":20,"column":2},"end":{"line":20,"column":null}},"7":{"start":{"line":23,"column":2},"end":{"line":23,"column":null}},"8":{"start":{"line":26,"column":2},"end":{"line":26,"column":null}},"9":{"start":{"line":29,"column":2},"end":{"line":29,"column":null}},"10":{"start":{"line":9,"column":13},"end":{"line":30,"column":null}}},"fnMap":{},"branchMap":{},"s":{"0":0,"1":0,"2":0,"3":0,"4":0,"5":0,"6":0,"7":0,"8":0,"9":0,"10":0},"f":{},"b":{}}
,"/home/dagargon89/gestor_vehiculos_GPJ/backend/src/database/entities/cost.entity.ts": {"path":"/home/dagargon89/gestor_vehiculos_GPJ/backend/src/database/entities/cost.entity.ts","statementMap":{"0":{"start":{"line":1,"column":0},"end":{"line":1,"column":null}},"1":{"start":{"line":10,"column":0},"end":{"line":10,"column":43}},"2":{"start":{"line":13,"column":7},"end":{"line":41,"column":null}},"3":{"start":{"line":13,"column":13},"end":{"line":13,"column":17}},"4":{"start":{"line":15,"column":2},"end":{"line":15,"column":null}},"5":{"start":{"line":19,"column":2},"end":{"line":19,"column":null}},"6":{"start":{"line":17,"column":19},"end":{"line":17,"column":26}},"7":{"start":{"line":22,"column":2},"end":{"line":22,"column":null}},"8":{"start":{"line":25,"column":2},"end":{"line":25,"column":null}},"9":{"start":{"line":28,"column":2},"end":{"line":28,"column":null}},"10":{"start":{"line":31,"column":2},"end":{"line":31,"column":null}},"11":{"start":{"line":34,"column":2},"end":{"line":34,"column":null}},"12":{"start":{"line":37,"column":2},"end":{"line":37,"column":null}},"13":{"start":{"line":40,"column":2},"end":{"line":40,"column":null}},"14":{"start":{"line":13,"column":13},"end":{"line":41,"column":null}}},"fnMap":{"0":{"name":"(anonymous_2)","decl":{"start":{"line":17,"column":13},"end":{"line":17,"column":16}},"loc":{"start":{"line":17,"column":19},"end":{"line":17,"column":26}}}},"branchMap":{},"s":{"0":0,"1":0,"2":0,"3":0,"4":0,"5":0,"6":0,"7":0,"8":0,"9":0,"10":0,"11":0,"12":0,"13":0,"14":0},"f":{"0":0},"b":{}}
,"/home/dagargon89/gestor_vehiculos_GPJ/backend/src/database/entities/fuel-record.entity.ts": {"path":"/home/dagargon89/gestor_vehiculos_GPJ/backend/src/database/entities/fuel-record.entity.ts","statementMap":{"0":{"start":{"line":1,"column":0},"end":{"line":1,"column":null}},"1":{"start":{"line":10,"column":0},"end":{"line":10,"column":43}},"2":{"start":{"line":13,"column":7},"end":{"line":41,"column":null}},"3":{"start":{"line":13,"column":13},"end":{"line":13,"column":23}},"4":{"start":{"line":15,"column":2},"end":{"line":15,"column":null}},"5":{"start":{"line":19,"column":2},"end":{"line":19,"column":null}},"6":{"start":{"line":17,"column":19},"end":{"line":17,"column":26}},"7":{"start":{"line":22,"column":2},"end":{"line":22,"column":null}},"8":{"start":{"line":25,"column":2},"end":{"line":25,"column":null}},"9":{"start":{"line":28,"column":2},"end":{"line":28,"column":null}},"10":{"start":{"line":31,"column":2},"end":{"line":31,"column":null}},"11":{"start":{"line":34,"column":2},"end":{"line":34,"column":null}},"12":{"start":{"line":37,"column":2},"end":{"line":37,"column":null}},"13":{"start":{"line":40,"column":2},"end":{"line":40,"column":null}},"14":{"start":{"line":13,"column":13},"end":{"line":41,"column":null}}},"fnMap":{"0":{"name":"(anonymous_2)","decl":{"start":{"line":17,"column":13},"end":{"line":17,"column":16}},"loc":{"start":{"line":17,"column":19},"end":{"line":17,"column":26}}}},"branchMap":{},"s":{"0":2,"1":2,"2":2,"3":2,"4":2,"5":2,"6":0,"7":2,"8":2,"9":2,"10":2,"11":2,"12":2,"13":2,"14":2},"f":{"0":0},"b":{}}
,"/home/dagargon89/gestor_vehiculos_GPJ/backend/src/database/entities/incident.entity.ts": {"path":"/home/dagargon89/gestor_vehiculos_GPJ/backend/src/database/entities/incident.entity.ts","statementMap":{"0":{"start":{"line":1,"column":0},"end":{"line":1,"column":null}},"1":{"start":{"line":11,"column":0},"end":{"line":11,"column":43}},"2":{"start":{"line":12,"column":0},"end":{"line":12,"column":37}},"3":{"start":{"line":15,"column":7},"end":{"line":50,"column":null}},"4":{"start":{"line":15,"column":13},"end":{"line":15,"column":21}},"5":{"start":{"line":17,"column":2},"end":{"line":17,"column":null}},"6":{"start":{"line":21,"column":2},"end":{"line":21,"column":null}},"7":{"start":{"line":19,"column":19},"end":{"line":19,"column":26}},"8":{"start":{"line":24,"column":2},"end":{"line":24,"column":null}},"9":{"start":{"line":28,"column":2},"end":{"line":28,"column":null}},"10":{"start":{"line":26,"column":19},"end":{"line":26,"column":23}},"11":{"start":{"line":31,"column":2},"end":{"line":31,"column":null}},"12":{"start":{"line":34,"column":2},"end":{"line":34,"column":null}},"13":{"start":{"line":37,"column":2},"end":{"line":37,"column":null}},"14":{"start":{"line":40,"column":2},"end":{"line":40,"column":null}},"15":{"start":{"line":43,"column":2},"end":{"line":43,"column":null}},"16":{"start":{"line":46,"column":2},"end":{"line":46,"column":null}},"17":{"start":{"line":49,"column":2},"end":{"line":49,"column":null}},"18":{"start":{"line":15,"column":13},"end":{"line":50,"column":null}}},"fnMap":{"0":{"name":"(anonymous_2)","decl":{"start":{"line":19,"column":13},"end":{"line":19,"column":16}},"loc":{"start":{"line":19,"column":19},"end":{"line":19,"column":26}}},"1":{"name":"(anonymous_3)","decl":{"start":{"line":26,"column":13},"end":{"line":26,"column":16}},"loc":{"start":{"line":26,"column":19},"end":{"line":26,"column":23}}}},"branchMap":{},"s":{"0":1,"1":1,"2":1,"3":1,"4":1,"5":1,"6":1,"7":0,"8":1,"9":1,"10":0,"11":1,"12":1,"13":1,"14":1,"15":1,"16":1,"17":1,"18":1},"f":{"0":0,"1":0},"b":{}}
,"/home/dagargon89/gestor_vehiculos_GPJ/backend/src/database/entities/maintenance.entity.ts": {"path":"/home/dagargon89/gestor_vehiculos_GPJ/backend/src/database/entities/maintenance.entity.ts","statementMap":{"0":{"start":{"line":1,"column":0},"end":{"line":1,"column":null}},"1":{"start":{"line":11,"column":0},"end":{"line":11,"column":43}},"2":{"start":{"line":14,"column":7},"end":{"line":48,"column":null}},"3":{"start":{"line":14,"column":13},"end":{"line":14,"column":24}},"4":{"start":{"line":16,"column":2},"end":{"line":16,"column":null}},"5":{"start":{"line":20,"column":2},"end":{"line":20,"column":null}},"6":{"start":{"line":18,"column":19},"end":{"line":18,"column":26}},"7":{"start":{"line":23,"column":2},"end":{"line":23,"column":null}},"8":{"start":{"line":26,"column":2},"end":{"line":26,"column":null}},"9":{"start":{"line":29,"column":2},"end":{"line":29,"column":null}},"10":{"start":{"line":32,"column":2},"end":{"line":32,"column":null}},"11":{"start":{"line":35,"column":2},"end":{"line":35,"column":null}},"12":{"start":{"line":38,"column":2},"end":{"line":38,"column":null}},"13":{"start":{"line":41,"column":2},"end":{"line":41,"column":null}},"14":{"start":{"line":44,"column":2},"end":{"line":44,"column":null}},"15":{"start":{"line":47,"column":2},"end":{"line":47,"column":null}},"16":{"start":{"line":14,"column":13},"end":{"line":48,"column":null}}},"fnMap":{"0":{"name":"(anonymous_2)","decl":{"start":{"line":18,"column":13},"end":{"line":18,"column":16}},"loc":{"start":{"line":18,"column":19},"end":{"line":18,"column":26}}}},"branchMap":{},"s":{"0":3,"1":3,"2":3,"3":3,"4":3,"5":3,"6":0,"7":3,"8":3,"9":3,"10":3,"11":3,"12":3,"13":3,"14":3,"15":3,"16":3},"f":{"0":0},"b":{}}
,"/home/dagargon89/gestor_vehiculos_GPJ/backend/src/database/entities/notification.entity.ts": {"path":"/home/dagargon89/gestor_vehiculos_GPJ/backend/src/database/entities/notification.entity.ts","statementMap":{"0":{"start":{"line":1,"column":0},"end":{"line":1,"column":null}},"1":{"start":{"line":10,"column":0},"end":{"line":10,"column":37}},"2":{"start":{"line":13,"column":7},"end":{"line":42,"column":null}},"3":{"start":{"line":13,"column":13},"end":{"line":13,"column":25}},"4":{"start":{"line":15,"column":2},"end":{"line":15,"column":null}},"5":{"start":{"line":19,"column":2},"end":{"line":19,"column":null}},"6":{"start":{"line":17,"column":19},"end":{"line":17,"column":23}},"7":{"start":{"line":23,"column":2},"end":{"line":23,"column":null}},"8":{"start":{"line":26,"column":2},"end":{"line":26,"column":null}},"9":{"start":{"line":29,"column":2},"end":{"line":29,"column":null}},"10":{"start":{"line":32,"column":2},"end":{"line":32,"column":null}},"11":{"start":{"line":35,"column":2},"end":{"line":35,"column":null}},"12":{"start":{"line":38,"column":2},"end":{"line":38,"column":null}},"13":{"start":{"line":41,"column":2},"end":{"line":41,"column":null}},"14":{"start":{"line":13,"column":13},"end":{"line":42,"column":null}}},"fnMap":{"0":{"name":"(anonymous_2)","decl":{"start":{"line":17,"column":13},"end":{"line":17,"column":16}},"loc":{"start":{"line":17,"column":19},"end":{"line":17,"column":23}}}},"branchMap":{},"s":{"0":4,"1":4,"2":4,"3":4,"4":4,"5":4,"6":0,"7":4,"8":4,"9":4,"10":4,"11":4,"12":4,"13":4,"14":4},"f":{"0":0},"b":{}}
,"/home/dagargon89/gestor_vehiculos_GPJ/backend/src/database/entities/permission.entity.ts": {"path":"/home/dagargon89/gestor_vehiculos_GPJ/backend/src/database/entities/permission.entity.ts","statementMap":{"0":{"start":{"line":1,"column":0},"end":{"line":1,"column":null}},"1":{"start":{"line":8,"column":0},"end":{"line":8,"column":37}},"2":{"start":{"line":12,"column":7},"end":{"line":24,"column":null}},"3":{"start":{"line":12,"column":13},"end":{"line":12,"column":23}},"4":{"start":{"line":14,"column":2},"end":{"line":14,"column":null}},"5":{"start":{"line":17,"column":2},"end":{"line":17,"column":null}},"6":{"start":{"line":20,"column":2},"end":{"line":20,"column":null}},"7":{"start":{"line":23,"column":2},"end":{"line":23,"column":null}},"8":{"start":{"line":22,"column":20},"end":{"line":22,"column":24}},"9":{"start":{"line":22,"column":33},"end":{"line":22,"column":46}},"10":{"start":{"line":12,"column":13},"end":{"line":24,"column":null}}},"fnMap":{"0":{"name":"(anonymous_2)","decl":{"start":{"line":22,"column":14},"end":{"line":22,"column":17}},"loc":{"start":{"line":22,"column":20},"end":{"line":22,"column":24}}},"1":{"name":"(anonymous_3)","decl":{"start":{"line":22,"column":26},"end":{"line":22,"column":27}},"loc":{"start":{"line":22,"column":33},"end":{"line":22,"column":46}}}},"branchMap":{},"s":{"0":11,"1":11,"2":11,"3":11,"4":11,"5":11,"6":11,"7":11,"8":0,"9":0,"10":11},"f":{"0":0,"1":0},"b":{}}
,"/home/dagargon89/gestor_vehiculos_GPJ/backend/src/database/entities/provider.entity.ts": {"path":"/home/dagargon89/gestor_vehiculos_GPJ/backend/src/database/entities/provider.entity.ts","statementMap":{"0":{"start":{"line":1,"column":0},"end":{"line":1,"column":null}},"1":{"start":{"line":11,"column":7},"end":{"line":38,"column":null}},"2":{"start":{"line":11,"column":13},"end":{"line":11,"column":21}},"3":{"start":{"line":13,"column":2},"end":{"line":13,"column":null}},"4":{"start":{"line":16,"column":2},"end":{"line":16,"column":null}},"5":{"start":{"line":19,"column":2},"end":{"line":19,"column":null}},"6":{"start":{"line":22,"column":2},"end":{"line":22,"column":null}},"7":{"start":{"line":25,"column":2},"end":{"line":25,"column":null}},"8":{"start":{"line":28,"column":2},"end":{"line":28,"column":null}},"9":{"start":{"line":31,"column":2},"end":{"line":31,"column":null}},"10":{"start":{"line":34,"column":2},"end":{"line":34,"column":null}},"11":{"start":{"line":37,"column":2},"end":{"line":37,"column":null}},"12":{"start":{"line":11,"column":13},"end":{"line":38,"column":null}}},"fnMap":{},"branchMap":{},"s":{"0":0,"1":0,"2":0,"3":0,"4":0,"5":0,"6":0,"7":0,"8":0,"9":0,"10":0,"11":0,"12":0},"f":{},"b":{}}
,"/home/dagargon89/gestor_vehiculos_GPJ/backend/src/database/entities/reservation.entity.ts": {"path":"/home/dagargon89/gestor_vehiculos_GPJ/backend/src/database/entities/reservation.entity.ts","statementMap":{"0":{"start":{"line":1,"column":0},"end":{"line":1,"column":null}},"1":{"start":{"line":12,"column":0},"end":{"line":12,"column":37}},"2":{"start":{"line":13,"column":0},"end":{"line":13,"column":43}},"3":{"start":{"line":16,"column":7},"end":{"line":84,"column":null}},"4":{"start":{"line":16,"column":13},"end":{"line":16,"column":24}},"5":{"start":{"line":18,"column":2},"end":{"line":18,"column":null}},"6":{"start":{"line":22,"column":2},"end":{"line":22,"column":null}},"7":{"start":{"line":20,"column":19},"end":{"line":20,"column":23}},"8":{"start":{"line":26,"column":2},"end":{"line":26,"column":null}},"9":{"start":{"line":30,"column":2},"end":{"line":30,"column":null}},"10":{"start":{"line":28,"column":19},"end":{"line":28,"column":26}},"11":{"start":{"line":28,"column":35},"end":{"line":28,"column":49}},"12":{"start":{"line":34,"column":2},"end":{"line":34,"column":null}},"13":{"start":{"line":37,"column":2},"end":{"line":37,"column":null}},"14":{"start":{"line":40,"column":2},"end":{"line":40,"column":null}},"15":{"start":{"line":44,"column":2},"end":{"line":44,"column":null}},"16":{"start":{"line":47,"column":2},"end":{"line":47,"column":null}},"17":{"start":{"line":50,"column":2},"end":{"line":50,"column":null}},"18":{"start":{"line":53,"column":2},"end":{"line":53,"column":null}},"19":{"start":{"line":56,"column":2},"end":{"line":56,"column":null}},"20":{"start":{"line":59,"column":2},"end":{"line":59,"column":null}},"21":{"start":{"line":62,"column":2},"end":{"line":62,"column":null}},"22":{"start":{"line":65,"column":2},"end":{"line":65,"column":null}},"23":{"start":{"line":68,"column":2},"end":{"line":68,"column":null}},"24":{"start":{"line":71,"column":2},"end":{"line":71,"column":null}},"25":{"start":{"line":74,"column":2},"end":{"line":74,"column":null}},"26":{"start":{"line":77,"column":2},"end":{"line":77,"column":null}},"27":{"start":{"line":80,"column":2},"end":{"line":80,"column":null}},"28":{"start":{"line":83,"column":2},"end":{"line":83,"column":null}},"29":{"start":{"line":16,"column":13},"end":{"line":84,"column":null}}},"fnMap":{"0":{"name":"(anonymous_2)","decl":{"start":{"line":20,"column":13},"end":{"line":20,"column":16}},"loc":{"start":{"line":20,"column":19},"end":{"line":20,"column":23}}},"1":{"name":"(anonymous_3)","decl":{"start":{"line":28,"column":13},"end":{"line":28,"column":16}},"loc":{"start":{"line":28,"column":19},"end":{"line":28,"column":26}}},"2":{"name":"(anonymous_4)","decl":{"start":{"line":28,"column":28},"end":{"line":28,"column":29}},"loc":{"start":{"line":28,"column":35},"end":{"line":28,"column":49}}}},"branchMap":{},"s":{"0":6,"1":6,"2":6,"3":6,"4":6,"5":6,"6":6,"7":0,"8":6,"9":6,"10":0,"11":0,"12":6,"13":6,"14":6,"15":6,"16":6,"17":6,"18":6,"19":6,"20":6,"21":6,"22":6,"23":6,"24":6,"25":6,"26":6,"27":6,"28":6,"29":6},"f":{"0":0,"1":0,"2":0},"b":{}}
,"/home/dagargon89/gestor_vehiculos_GPJ/backend/src/database/entities/role.entity.ts": {"path":"/home/dagargon89/gestor_vehiculos_GPJ/backend/src/database/entities/role.entity.ts","statementMap":{"0":{"start":{"line":1,"column":0},"end":{"line":1,"column":null}},"1":{"start":{"line":9,"column":0},"end":{"line":9,"column":37}},"2":{"start":{"line":10,"column":0},"end":{"line":10,"column":49}},"3":{"start":{"line":13,"column":7},"end":{"line":29,"column":null}},"4":{"start":{"line":13,"column":13},"end":{"line":13,"column":17}},"5":{"start":{"line":15,"column":2},"end":{"line":15,"column":null}},"6":{"start":{"line":18,"column":2},"end":{"line":18,"column":null}},"7":{"start":{"line":21,"column":2},"end":{"line":21,"column":null}},"8":{"start":{"line":24,"column":2},"end":{"line":24,"column":null}},"9":{"start":{"line":23,"column":19},"end":{"line":23,"column":23}},"10":{"start":{"line":23,"column":32},"end":{"line":23,"column":38}},"11":{"start":{"line":28,"column":2},"end":{"line":28,"column":null}},"12":{"start":{"line":26,"column":20},"end":{"line":26,"column":30}},"13":{"start":{"line":26,"column":39},"end":{"line":26,"column":46}},"14":{"start":{"line":13,"column":13},"end":{"line":29,"column":null}}},"fnMap":{"0":{"name":"(anonymous_2)","decl":{"start":{"line":23,"column":13},"end":{"line":23,"column":16}},"loc":{"start":{"line":23,"column":19},"end":{"line":23,"column":23}}},"1":{"name":"(anonymous_3)","decl":{"start":{"line":23,"column":25},"end":{"line":23,"column":26}},"loc":{"start":{"line":23,"column":32},"end":{"line":23,"column":38}}},"2":{"name":"(anonymous_4)","decl":{"start":{"line":26,"column":14},"end":{"line":26,"column":17}},"loc":{"start":{"line":26,"column":20},"end":{"line":26,"column":30}}},"3":{"name":"(anonymous_5)","decl":{"start":{"line":26,"column":32},"end":{"line":26,"column":33}},"loc":{"start":{"line":26,"column":39},"end":{"line":26,"column":46}}}},"branchMap":{},"s":{"0":11,"1":11,"2":11,"3":11,"4":11,"5":11,"6":11,"7":11,"8":11,"9":0,"10":0,"11":11,"12":0,"13":0,"14":11},"f":{"0":0,"1":0,"2":0,"3":0},"b":{}}
,"/home/dagargon89/gestor_vehiculos_GPJ/backend/src/database/entities/sanction.entity.ts": {"path":"/home/dagargon89/gestor_vehiculos_GPJ/backend/src/database/entities/sanction.entity.ts","statementMap":{"0":{"start":{"line":1,"column":0},"end":{"line":1,"column":null}},"1":{"start":{"line":10,"column":0},"end":{"line":10,"column":37}},"2":{"start":{"line":13,"column":7},"end":{"line":38,"column":null}},"3":{"start":{"line":13,"column":13},"end":{"line":13,"column":21}},"4":{"start":{"line":15,"column":2},"end":{"line":15,"column":null}},"5":{"start":{"line":18,"column":2},"end":{"line":18,"column":null}},"6":{"start":{"line":22,"column":2},"end":{"line":22,"column":null}},"7":{"start":{"line":20,"column":19},"end":{"line":20,"column":23}},"8":{"start":{"line":25,"column":2},"end":{"line":25,"column":null}},"9":{"start":{"line":28,"column":2},"end":{"line":28,"column":null}},"10":{"start":{"line":31,"column":2},"end":{"line":31,"column":null}},"11":{"start":{"line":34,"column":2},"end":{"line":34,"column":null}},"12":{"start":{"line":37,"column":2},"end":{"line":37,"column":null}},"13":{"start":{"line":13,"column":13},"end":{"line":38,"column":null}}},"fnMap":{"0":{"name":"(anonymous_2)","decl":{"start":{"line":20,"column":13},"end":{"line":20,"column":16}},"loc":{"start":{"line":20,"column":19},"end":{"line":20,"column":23}}}},"branchMap":{},"s":{"0":2,"1":2,"2":2,"3":2,"4":2,"5":2,"6":2,"7":0,"8":2,"9":2,"10":2,"11":2,"12":2,"13":2},"f":{"0":0},"b":{}}
,"/home/dagargon89/gestor_vehiculos_GPJ/backend/src/database/entities/storage-file.entity.ts": {"path":"/home/dagargon89/gestor_vehiculos_GPJ/backend/src/database/entities/storage-file.entity.ts","statementMap":{"0":{"start":{"line":1,"column":0},"end":{"line":1,"column":null}},"1":{"start":{"line":10,"column":0},"end":{"line":10,"column":37}},"2":{"start":{"line":13,"column":7},"end":{"line":50,"column":null}},"3":{"start":{"line":13,"column":13},"end":{"line":13,"column":24}},"4":{"start":{"line":15,"column":2},"end":{"line":15,"column":null}},"5":{"start":{"line":18,"column":2},"end":{"line":18,"column":null}},"6":{"start":{"line":21,"column":2},"end":{"line":21,"column":null}},"7":{"start":{"line":24,"column":2},"end":{"line":24,"column":null}},"8":{"start":{"line":27,"column":2},"end":{"line":27,"column":null}},"9":{"start":{"line":30,"column":2},"end":{"line":30,"column":null}},"10":{"start":{"line":33,"column":2},"end":{"line":33,"column":null}},"11":{"start":{"line":36,"column":2},"end":{"line":36,"column":null}},"12":{"start":{"line":39,"column":2},"end":{"line":39,"column":null}},"13":{"start":{"line":43,"column":2},"end":{"line":43,"column":null}},"14":{"start":{"line":41,"column":19},"end":{"line":41,"column":23}},"15":{"start":{"line":46,"column":2},"end":{"line":46,"column":null}},"16":{"start":{"line":49,"column":2},"end":{"line":49,"column":null}},"17":{"start":{"line":13,"column":13},"end":{"line":50,"column":null}}},"fnMap":{"0":{"name":"(anonymous_2)","decl":{"start":{"line":41,"column":13},"end":{"line":41,"column":16}},"loc":{"start":{"line":41,"column":19},"end":{"line":41,"column":23}}}},"branchMap":{},"s":{"0":1,"1":1,"2":1,"3":1,"4":1,"5":1,"6":1,"7":1,"8":1,"9":1,"10":1,"11":1,"12":1,"13":1,"14":0,"15":1,"16":1,"17":1},"f":{"0":0},"b":{}}
,"/home/dagargon89/gestor_vehiculos_GPJ/backend/src/database/entities/system-setting.entity.ts": {"path":"/home/dagargon89/gestor_vehiculos_GPJ/backend/src/database/entities/system-setting.entity.ts","statementMap":{"0":{"start":{"line":1,"column":0},"end":{"line":1,"column":65}},"1":{"start":{"line":4,"column":7},"end":{"line":13,"column":null}},"2":{"start":{"line":4,"column":13},"end":{"line":4,"column":26}},"3":{"start":{"line":6,"column":2},"end":{"line":6,"column":null}},"4":{"start":{"line":9,"column":2},"end":{"line":9,"column":null}},"5":{"start":{"line":12,"column":2},"end":{"line":12,"column":null}},"6":{"start":{"line":4,"column":13},"end":{"line":13,"column":null}}},"fnMap":{},"branchMap":{},"s":{"0":1,"1":1,"2":1,"3":1,"4":1,"5":1,"6":1},"f":{},"b":{}}
,"/home/dagargon89/gestor_vehiculos_GPJ/backend/src/database/entities/user.entity.ts": {"path":"/home/dagargon89/gestor_vehiculos_GPJ/backend/src/database/entities/user.entity.ts","statementMap":{"0":{"start":{"line":1,"column":0},"end":{"line":1,"column":null}},"1":{"start":{"line":11,"column":0},"end":{"line":11,"column":37}},"2":{"start":{"line":14,"column":7},"end":{"line":87,"column":null}},"3":{"start":{"line":14,"column":13},"end":{"line":14,"column":17}},"4":{"start":{"line":16,"column":2},"end":{"line":16,"column":null}},"5":{"start":{"line":19,"column":2},"end":{"line":19,"column":null}},"6":{"start":{"line":22,"column":2},"end":{"line":22,"column":null}},"7":{"start":{"line":25,"column":2},"end":{"line":25,"column":null}},"8":{"start":{"line":28,"column":2},"end":{"line":28,"column":null}},"9":{"start":{"line":31,"column":2},"end":{"line":31,"column":null}},"10":{"start":{"line":34,"column":2},"end":{"line":34,"column":null}},"11":{"start":{"line":37,"column":2},"end":{"line":37,"column":null}},"12":{"start":{"line":40,"column":2},"end":{"line":40,"column":null}},"13":{"start":{"line":43,"column":2},"end":{"line":43,"column":null}},"14":{"start":{"line":46,"column":2},"end":{"line":46,"column":null}},"15":{"start":{"line":49,"column":2},"end":{"line":49,"column":null}},"16":{"start":{"line":52,"column":2},"end":{"line":52,"column":null}},"17":{"start":{"line":55,"column":2},"end":{"line":55,"column":null}},"18":{"start":{"line":58,"column":2},"end":{"line":58,"column":null}},"19":{"start":{"line":61,"column":2},"end":{"line":61,"column":null}},"20":{"start":{"line":64,"column":2},"end":{"line":64,"column":null}},"21":{"start":{"line":68,"column":2},"end":{"line":68,"column":null}},"22":{"start":{"line":66,"column":19},"end":{"line":66,"column":23}},"23":{"start":{"line":71,"column":2},"end":{"line":71,"column":null}},"24":{"start":{"line":74,"column":2},"end":{"line":74,"column":null}},"25":{"start":{"line":77,"column":2},"end":{"line":77,"column":null}},"26":{"start":{"line":80,"column":2},"end":{"line":80,"column":null}},"27":{"start":{"line":83,"column":2},"end":{"line":83,"column":null}},"28":{"start":{"line":86,"column":2},"end":{"line":86,"column":null}},"29":{"start":{"line":14,"column":13},"end":{"line":87,"column":null}}},"fnMap":{"0":{"name":"(anonymous_2)","decl":{"start":{"line":66,"column":13},"end":{"line":66,"column":16}},"loc":{"start":{"line":66,"column":19},"end":{"line":66,"column":23}}}},"branchMap":{},"s":{"0":11,"1":11,"2":11,"3":11,"4":11,"5":11,"6":11,"7":11,"8":11,"9":11,"10":11,"11":11,"12":11,"13":11,"14":11,"15":11,"16":11,"17":11,"18":11,"19":11,"20":11,"21":11,"22":0,"23":11,"24":11,"25":11,"26":11,"27":11,"28":11,"29":11},"f":{"0":0},"b":{}}
,"/home/dagargon89/gestor_vehiculos_GPJ/backend/src/database/entities/vehicle-document.entity.ts": {"path":"/home/dagargon89/gestor_vehiculos_GPJ/backend/src/database/entities/vehicle-document.entity.ts","statementMap":{"0":{"start":{"line":1,"column":0},"end":{"line":1,"column":null}},"1":{"start":{"line":12,"column":0},"end":{"line":12,"column":43}},"2":{"start":{"line":15,"column":7},"end":{"line":48,"column":null}},"3":{"start":{"line":15,"column":13},"end":{"line":15,"column":28}},"4":{"start":{"line":17,"column":2},"end":{"line":17,"column":null}},"5":{"start":{"line":21,"column":2},"end":{"line":21,"column":null}},"6":{"start":{"line":19,"column":19},"end":{"line":19,"column":26}},"7":{"start":{"line":25,"column":2},"end":{"line":25,"column":null}},"8":{"start":{"line":28,"column":2},"end":{"line":28,"column":null}},"9":{"start":{"line":32,"column":2},"end":{"line":32,"column":null}},"10":{"start":{"line":35,"column":2},"end":{"line":35,"column":null}},"11":{"start":{"line":38,"column":2},"end":{"line":38,"column":null}},"12":{"start":{"line":41,"column":2},"end":{"line":41,"column":null}},"13":{"start":{"line":44,"column":2},"end":{"line":44,"column":null}},"14":{"start":{"line":47,"column":2},"end":{"line":47,"column":null}},"15":{"start":{"line":15,"column":13},"end":{"line":48,"column":null}}},"fnMap":{"0":{"name":"(anonymous_2)","decl":{"start":{"line":19,"column":13},"end":{"line":19,"column":16}},"loc":{"start":{"line":19,"column":19},"end":{"line":19,"column":26}}}},"branchMap":{},"s":{"0":2,"1":2,"2":2,"3":2,"4":2,"5":2,"6":0,"7":2,"8":2,"9":2,"10":2,"11":2,"12":2,"13":2,"14":2,"15":2},"f":{"0":0},"b":{}}
,"/home/dagargon89/gestor_vehiculos_GPJ/backend/src/database/entities/vehicle.entity.ts": {"path":"/home/dagargon89/gestor_vehiculos_GPJ/backend/src/database/entities/vehicle.entity.ts","statementMap":{"0":{"start":{"line":1,"column":0},"end":{"line":1,"column":null}},"1":{"start":{"line":10,"column":0},"end":{"line":10,"column":51}},"2":{"start":{"line":13,"column":7},"end":{"line":67,"column":null}},"3":{"start":{"line":13,"column":13},"end":{"line":13,"column":20}},"4":{"start":{"line":15,"column":2},"end":{"line":15,"column":null}},"5":{"start":{"line":18,"column":2},"end":{"line":18,"column":null}},"6":{"start":{"line":21,"column":2},"end":{"line":21,"column":null}},"7":{"start":{"line":24,"column":2},"end":{"line":24,"column":null}},"8":{"start":{"line":27,"column":2},"end":{"line":27,"column":null}},"9":{"start":{"line":30,"column":2},"end":{"line":30,"column":null}},"10":{"start":{"line":33,"column":2},"end":{"line":33,"column":null}},"11":{"start":{"line":36,"column":2},"end":{"line":36,"column":null}},"12":{"start":{"line":39,"column":2},"end":{"line":39,"column":null}},"13":{"start":{"line":42,"column":2},"end":{"line":42,"column":null}},"14":{"start":{"line":45,"column":2},"end":{"line":45,"column":null}},"15":{"start":{"line":48,"column":2},"end":{"line":48,"column":null}},"16":{"start":{"line":51,"column":2},"end":{"line":51,"column":null}},"17":{"start":{"line":54,"column":2},"end":{"line":54,"column":null}},"18":{"start":{"line":57,"column":2},"end":{"line":57,"column":null}},"19":{"start":{"line":60,"column":2},"end":{"line":60,"column":null}},"20":{"start":{"line":63,"column":2},"end":{"line":63,"column":null}},"21":{"start":{"line":66,"column":2},"end":{"line":66,"column":null}},"22":{"start":{"line":65,"column":19},"end":{"line":65,"column":30}},"23":{"start":{"line":65,"column":39},"end":{"line":65,"column":48}},"24":{"start":{"line":13,"column":13},"end":{"line":67,"column":null}}},"fnMap":{"0":{"name":"(anonymous_2)","decl":{"start":{"line":65,"column":13},"end":{"line":65,"column":16}},"loc":{"start":{"line":65,"column":19},"end":{"line":65,"column":30}}},"1":{"name":"(anonymous_3)","decl":{"start":{"line":65,"column":32},"end":{"line":65,"column":33}},"loc":{"start":{"line":65,"column":39},"end":{"line":65,"column":48}}}},"branchMap":{},"s":{"0":6,"1":6,"2":6,"3":6,"4":6,"5":6,"6":6,"7":6,"8":6,"9":6,"10":6,"11":6,"12":6,"13":6,"14":6,"15":6,"16":6,"17":6,"18":6,"19":6,"20":6,"21":6,"22":0,"23":0,"24":6},"f":{"0":0,"1":0},"b":{}}
,"/home/dagargon89/gestor_vehiculos_GPJ/backend/src/database/migrations/1700000000000-Baseline.ts": {"path":"/home/dagargon89/gestor_vehiculos_GPJ/backend/src/database/migrations/1700000000000-Baseline.ts","statementMap":{"0":{"start":{"line":4,"column":4},"end":{"line":4,"column":null}},"1":{"start":{"line":7,"column":8},"end":{"line":7,"column":1106}},"2":{"start":{"line":8,"column":8},"end":{"line":8,"column":250}},"3":{"start":{"line":9,"column":8},"end":{"line":9,"column":297}},"4":{"start":{"line":10,"column":8},"end":{"line":10,"column":816}},"5":{"start":{"line":11,"column":8},"end":{"line":11,"column":564}},"6":{"start":{"line":12,"column":8},"end":{"line":12,"column":425}},"7":{"start":{"line":13,"column":8},"end":{"line":13,"column":295}},"8":{"start":{"line":14,"column":8},"end":{"line":14,"column":511}},"9":{"start":{"line":15,"column":8},"end":{"line":15,"column":400}},"10":{"start":{"line":16,"column":8},"end":{"line":16,"column":410}},"11":{"start":{"line":17,"column":8},"end":{"line":17,"column":493}},"12":{"start":{"line":18,"column":8},"end":{"line":18,"column":365}},"13":{"start":{"line":19,"column":8},"end":{"line":19,"column":428}},"14":{"start":{"line":20,"column":8},"end":{"line":20,"column":364}},"15":{"start":{"line":21,"column":8},"end":{"line":21,"column":509}},"16":{"start":{"line":22,"column":8},"end":{"line":22,"column":210}},"17":{"start":{"line":23,"column":8},"end":{"line":23,"column":116}},"18":{"start":{"line":24,"column":8},"end":{"line":24,"column":122}},"19":{"start":{"line":25,"column":8},"end":{"line":25,"column":191}},"20":{"start":{"line":26,"column":8},"end":{"line":26,"column":199}},"21":{"start":{"line":27,"column":8},"end":{"line":27,"column":205}},"22":{"start":{"line":28,"column":8},"end":{"line":28,"column":204}},"23":{"start":{"line":29,"column":8},"end":{"line":29,"column":205}},"24":{"start":{"line":30,"column":8},"end":{"line":30,"column":198}},"25":{"start":{"line":31,"column":8},"end":{"line":31,"column":202}},"26":{"start":{"line":32,"column":8},"end":{"line":32,"column":196}},"27":{"start":{"line":33,"column":8},"end":{"line":33,"column":196}},"28":{"start":{"line":34,"column":8},"end":{"line":34,"column":200}},"29":{"start":{"line":35,"column":8},"end":{"line":35,"column":204}},"30":{"start":{"line":36,"column":8},"end":{"line":36,"column":199}},"31":{"start":{"line":37,"column":8},"end":{"line":37,"column":215}},"32":{"start":{"line":41,"column":8},"end":{"line":41,"column":115}},"33":{"start":{"line":42,"column":8},"end":{"line":42,"column":115}},"34":{"start":{"line":43,"column":8},"end":{"line":43,"column":112}},"35":{"start":{"line":44,"column":8},"end":{"line":44,"column":112}},"36":{"start":{"line":45,"column":8},"end":{"line":45,"column":108}},"37":{"start":{"line":46,"column":8},"end":{"line":46,"column":108}},"38":{"start":{"line":47,"column":8},"end":{"line":47,"column":108}},"39":{"start":{"line":48,"column":8},"end":{"line":48,"column":104}},"40":{"start":{"line":49,"column":8},"end":{"line":49,"column":111}},"41":{"start":{"line":50,"column":8},"end":{"line":50,"column":110}},"42":{"start":{"line":51,"column":8},"end":{"line":51,"column":111}},"43":{"start":{"line":52,"column":8},"end":{"line":52,"column":111}},"44":{"start":{"line":53,"column":8},"end":{"line":53,"column":104}},"45":{"start":{"line":54,"column":8},"end":{"line":54,"column":88}},"46":{"start":{"line":55,"column":8},"end":{"line":55,"column":88}},"47":{"start":{"line":56,"column":8},"end":{"line":56,"column":65}},"48":{"start":{"line":57,"column":8},"end":{"line":57,"column":62}},"49":{"start":{"line":58,"column":8},"end":{"line":58,"column":59}},"50":{"start":{"line":59,"column":8},"end":{"line":59,"column":62}},"51":{"start":{"line":60,"column":8},"end":{"line":60,"column":58}},"52":{"start":{"line":61,"column":8},"end":{"line":61,"column":58}},"53":{"start":{"line":62,"column":8},"end":{"line":62,"column":54}},"54":{"start":{"line":63,"column":8},"end":{"line":63,"column":61}},"55":{"start":{"line":64,"column":8},"end":{"line":64,"column":60}},"56":{"start":{"line":65,"column":8},"end":{"line":65,"column":64}},"57":{"start":{"line":66,"column":8},"end":{"line":66,"column":58}},"58":{"start":{"line":67,"column":8},"end":{"line":67,"column":57}},"59":{"start":{"line":68,"column":8},"end":{"line":68,"column":61}},"60":{"start":{"line":69,"column":8},"end":{"line":69,"column":54}},"61":{"start":{"line":70,"column":8},"end":{"line":70,"column":60}},"62":{"start":{"line":71,"column":8},"end":{"line":71,"column":54}},"63":{"start":{"line":3,"column":0},"end":{"line":3,"column":13}}},"fnMap":{"0":{"name":"(anonymous_0)","decl":{"start":{"line":3,"column":0},"end":{"line":3,"column":13}},"loc":{"start":{"line":3,"column":0},"end":{"line":74,"column":1}}},"1":{"name":"(anonymous_1)","decl":{"start":{"line":6,"column":11},"end":{"line":6,"column":16}},"loc":{"start":{"line":6,"column":44},"end":{"line":38,"column":5}}},"2":{"name":"(anonymous_2)","decl":{"start":{"line":40,"column":11},"end":{"line":40,"column":16}},"loc":{"start":{"line":40,"column":46},"end":{"line":72,"column":5}}}},"branchMap":{},"s":{"0":0,"1":0,"2":0,"3":0,"4":0,"5":0,"6":0,"7":0,"8":0,"9":0,"10":0,"11":0,"12":0,"13":0,"14":0,"15":0,"16":0,"17":0,"18":0,"19":0,"20":0,"21":0,"22":0,"23":0,"24":0,"25":0,"26":0,"27":0,"28":0,"29":0,"30":0,"31":0,"32":0,"33":0,"34":0,"35":0,"36":0,"37":0,"38":0,"39":0,"40":0,"41":0,"42":0,"43":0,"44":0,"45":0,"46":0,"47":0,"48":0,"49":0,"50":0,"51":0,"52":0,"53":0,"54":0,"55":0,"56":0,"57":0,"58":0,"59":0,"60":0,"61":0,"62":0,"63":0},"f":{"0":0,"1":0,"2":0},"b":{}}
,"/home/dagargon89/gestor_vehiculos_GPJ/backend/src/database/migrations/1739180000000-AddReservationEventFields.ts": {"path":"/home/dagargon89/gestor_vehiculos_GPJ/backend/src/database/migrations/1739180000000-AddReservationEventFields.ts","statementMap":{"0":{"start":{"line":4,"column":2},"end":{"line":4,"column":50}},"1":{"start":{"line":7,"column":4},"end":{"line":9,"column":6}},"2":{"start":{"line":10,"column":4},"end":{"line":12,"column":6}},"3":{"start":{"line":13,"column":4},"end":{"line":15,"column":6}},"4":{"start":{"line":19,"column":4},"end":{"line":21,"column":6}},"5":{"start":{"line":22,"column":4},"end":{"line":24,"column":6}},"6":{"start":{"line":25,"column":4},"end":{"line":27,"column":6}},"7":{"start":{"line":3,"column":0},"end":{"line":3,"column":13}}},"fnMap":{"0":{"name":"(anonymous_0)","decl":{"start":{"line":3,"column":0},"end":{"line":3,"column":13}},"loc":{"start":{"line":3,"column":0},"end":{"line":29,"column":1}}},"1":{"name":"(anonymous_1)","decl":{"start":{"line":6,"column":9},"end":{"line":6,"column":14}},"loc":{"start":{"line":6,"column":42},"end":{"line":16,"column":3}}},"2":{"name":"(anonymous_2)","decl":{"start":{"line":18,"column":9},"end":{"line":18,"column":14}},"loc":{"start":{"line":18,"column":44},"end":{"line":28,"column":3}}}},"branchMap":{},"s":{"0":0,"1":0,"2":0,"3":0,"4":0,"5":0,"6":0,"7":0},"f":{"0":0,"1":0,"2":0},"b":{}}
,"/home/dagargon89/gestor_vehiculos_GPJ/backend/src/database/migrations/1740000000000-AddCheckoutFuelLevel.ts": {"path":"/home/dagargon89/gestor_vehiculos_GPJ/backend/src/database/migrations/1740000000000-AddCheckoutFuelLevel.ts","statementMap":{"0":{"start":{"line":4,"column":2},"end":{"line":4,"column":45}},"1":{"start":{"line":7,"column":4},"end":{"line":9,"column":6}},"2":{"start":{"line":13,"column":4},"end":{"line":15,"column":6}},"3":{"start":{"line":3,"column":0},"end":{"line":3,"column":13}}},"fnMap":{"0":{"name":"(anonymous_0)","decl":{"start":{"line":3,"column":0},"end":{"line":3,"column":13}},"loc":{"start":{"line":3,"column":0},"end":{"line":17,"column":1}}},"1":{"name":"(anonymous_1)","decl":{"start":{"line":6,"column":9},"end":{"line":6,"column":14}},"loc":{"start":{"line":6,"column":42},"end":{"line":10,"column":3}}},"2":{"name":"(anonymous_2)","decl":{"start":{"line":12,"column":9},"end":{"line":12,"column":14}},"loc":{"start":{"line":12,"column":44},"end":{"line":16,"column":3}}}},"branchMap":{},"s":{"0":0,"1":0,"2":0,"3":0},"f":{"0":0,"1":0,"2":0},"b":{}}
,"/home/dagargon89/gestor_vehiculos_GPJ/backend/src/database/migrations/1784155578219-FixDoubleFkAndAddConstraints.ts": {"path":"/home/dagargon89/gestor_vehiculos_GPJ/backend/src/database/migrations/1784155578219-FixDoubleFkAndAddConstraints.ts","statementMap":{"0":{"start":{"line":4,"column":4},"end":{"line":4,"column":null}},"1":{"start":{"line":12,"column":8},"end":{"line":12,"column":120}},"2":{"start":{"line":13,"column":8},"end":{"line":13,"column":121}},"3":{"start":{"line":14,"column":8},"end":{"line":14,"column":114}},"4":{"start":{"line":15,"column":8},"end":{"line":15,"column":118}},"5":{"start":{"line":16,"column":8},"end":{"line":16,"column":134}},"6":{"start":{"line":17,"column":8},"end":{"line":17,"column":113}},"7":{"start":{"line":19,"column":8},"end":{"line":19,"column":85}},"8":{"start":{"line":20,"column":8},"end":{"line":20,"column":86}},"9":{"start":{"line":21,"column":8},"end":{"line":21,"column":79}},"10":{"start":{"line":22,"column":8},"end":{"line":22,"column":83}},"11":{"start":{"line":23,"column":8},"end":{"line":23,"column":80}},"12":{"start":{"line":24,"column":8},"end":{"line":24,"column":84}},"13":{"start":{"line":25,"column":8},"end":{"line":25,"column":123}},"14":{"start":{"line":26,"column":8},"end":{"line":26,"column":121}},"15":{"start":{"line":27,"column":8},"end":{"line":27,"column":110}},"16":{"start":{"line":28,"column":8},"end":{"line":28,"column":100}},"17":{"start":{"line":29,"column":8},"end":{"line":29,"column":111}},"18":{"start":{"line":30,"column":8},"end":{"line":30,"column":101}},"19":{"start":{"line":31,"column":8},"end":{"line":31,"column":104}},"20":{"start":{"line":32,"column":8},"end":{"line":32,"column":94}},"21":{"start":{"line":33,"column":8},"end":{"line":33,"column":108}},"22":{"start":{"line":34,"column":8},"end":{"line":34,"column":98}},"23":{"start":{"line":35,"column":8},"end":{"line":35,"column":112}},"24":{"start":{"line":36,"column":8},"end":{"line":36,"column":99}},"25":{"start":{"line":37,"column":8},"end":{"line":37,"column":112}},"26":{"start":{"line":38,"column":8},"end":{"line":38,"column":115}},"27":{"start":{"line":39,"column":8},"end":{"line":39,"column":111}},"28":{"start":{"line":40,"column":8},"end":{"line":40,"column":113}},"29":{"start":{"line":41,"column":8},"end":{"line":41,"column":139}},"30":{"start":{"line":42,"column":8},"end":{"line":42,"column":204}},"31":{"start":{"line":43,"column":8},"end":{"line":43,"column":205}},"32":{"start":{"line":44,"column":8},"end":{"line":44,"column":198}},"33":{"start":{"line":45,"column":8},"end":{"line":45,"column":202}},"34":{"start":{"line":46,"column":8},"end":{"line":46,"column":200}},"35":{"start":{"line":55,"column":8},"end":{"line":55,"column":112}},"36":{"start":{"line":56,"column":8},"end":{"line":56,"column":108}},"37":{"start":{"line":57,"column":8},"end":{"line":57,"column":104}},"38":{"start":{"line":58,"column":8},"end":{"line":58,"column":111}},"39":{"start":{"line":59,"column":8},"end":{"line":59,"column":110}},"40":{"start":{"line":60,"column":8},"end":{"line":60,"column":110}},"41":{"start":{"line":61,"column":8},"end":{"line":61,"column":88}},"42":{"start":{"line":62,"column":8},"end":{"line":62,"column":88}},"43":{"start":{"line":63,"column":8},"end":{"line":63,"column":88}},"44":{"start":{"line":64,"column":8},"end":{"line":64,"column":88}},"45":{"start":{"line":65,"column":8},"end":{"line":65,"column":100}},"46":{"start":{"line":66,"column":8},"end":{"line":66,"column":200}},"47":{"start":{"line":67,"column":8},"end":{"line":67,"column":99}},"48":{"start":{"line":68,"column":8},"end":{"line":68,"column":202}},"49":{"start":{"line":69,"column":8},"end":{"line":69,"column":95}},"50":{"start":{"line":70,"column":8},"end":{"line":70,"column":198}},"51":{"start":{"line":71,"column":8},"end":{"line":71,"column":102}},"52":{"start":{"line":72,"column":8},"end":{"line":72,"column":205}},"53":{"start":{"line":73,"column":8},"end":{"line":73,"column":101}},"54":{"start":{"line":74,"column":8},"end":{"line":74,"column":204}},"55":{"start":{"line":75,"column":8},"end":{"line":75,"column":107}},"56":{"start":{"line":76,"column":8},"end":{"line":76,"column":107}},"57":{"start":{"line":77,"column":8},"end":{"line":77,"column":103}},"58":{"start":{"line":78,"column":8},"end":{"line":78,"column":90}},"59":{"start":{"line":79,"column":8},"end":{"line":79,"column":102}},"60":{"start":{"line":80,"column":8},"end":{"line":80,"column":98}},"61":{"start":{"line":81,"column":8},"end":{"line":81,"column":105}},"62":{"start":{"line":82,"column":8},"end":{"line":82,"column":104}},"63":{"start":{"line":3,"column":0},"end":{"line":3,"column":13}}},"fnMap":{"0":{"name":"(anonymous_0)","decl":{"start":{"line":3,"column":0},"end":{"line":3,"column":13}},"loc":{"start":{"line":3,"column":0},"end":{"line":85,"column":1}}},"1":{"name":"(anonymous_1)","decl":{"start":{"line":6,"column":11},"end":{"line":6,"column":16}},"loc":{"start":{"line":6,"column":44},"end":{"line":47,"column":5}}},"2":{"name":"(anonymous_2)","decl":{"start":{"line":49,"column":11},"end":{"line":49,"column":16}},"loc":{"start":{"line":49,"column":46},"end":{"line":83,"column":5}}}},"branchMap":{},"s":{"0":0,"1":0,"2":0,"3":0,"4":0,"5":0,"6":0,"7":0,"8":0,"9":0,"10":0,"11":0,"12":0,"13":0,"14":0,"15":0,"16":0,"17":0,"18":0,"19":0,"20":0,"21":0,"22":0,"23":0,"24":0,"25":0,"26":0,"27":0,"28":0,"29":0,"30":0,"31":0,"32":0,"33":0,"34":0,"35":0,"36":0,"37":0,"38":0,"39":0,"40":0,"41":0,"42":0,"43":0,"44":0,"45":0,"46":0,"47":0,"48":0,"49":0,"50":0,"51":0,"52":0,"53":0,"54":0,"55":0,"56":0,"57":0,"58":0,"59":0,"60":0,"61":0,"62":0,"63":0},"f":{"0":0,"1":0,"2":0},"b":{}}
,"/home/dagargon89/gestor_vehiculos_GPJ/backend/src/database/migrations/1784232572314-AddPreventiveMaintenanceFields.ts": {"path":"/home/dagargon89/gestor_vehiculos_GPJ/backend/src/database/migrations/1784232572314-AddPreventiveMaintenanceFields.ts","statementMap":{"0":{"start":{"line":4,"column":4},"end":{"line":4,"column":null}},"1":{"start":{"line":7,"column":8},"end":{"line":7,"column":94}},"2":{"start":{"line":8,"column":8},"end":{"line":8,"column":96}},"3":{"start":{"line":9,"column":8},"end":{"line":9,"column":92}},"4":{"start":{"line":10,"column":8},"end":{"line":10,"column":85}},"5":{"start":{"line":14,"column":8},"end":{"line":14,"column":88}},"6":{"start":{"line":15,"column":8},"end":{"line":15,"column":92}},"7":{"start":{"line":16,"column":8},"end":{"line":16,"column":96}},"8":{"start":{"line":17,"column":8},"end":{"line":17,"column":94}},"9":{"start":{"line":3,"column":0},"end":{"line":3,"column":13}}},"fnMap":{"0":{"name":"(anonymous_0)","decl":{"start":{"line":3,"column":0},"end":{"line":3,"column":13}},"loc":{"start":{"line":3,"column":0},"end":{"line":20,"column":1}}},"1":{"name":"(anonymous_1)","decl":{"start":{"line":6,"column":11},"end":{"line":6,"column":16}},"loc":{"start":{"line":6,"column":44},"end":{"line":11,"column":5}}},"2":{"name":"(anonymous_2)","decl":{"start":{"line":13,"column":11},"end":{"line":13,"column":16}},"loc":{"start":{"line":13,"column":46},"end":{"line":18,"column":5}}}},"branchMap":{},"s":{"0":0,"1":0,"2":0,"3":0,"4":0,"5":0,"6":0,"7":0,"8":0,"9":0},"f":{"0":0,"1":0,"2":0},"b":{}}
,"/home/dagargon89/gestor_vehiculos_GPJ/backend/src/database/migrations/1784234609123-CreateVehicleDocuments.ts": {"path":"/home/dagargon89/gestor_vehiculos_GPJ/backend/src/database/migrations/1784234609123-CreateVehicleDocuments.ts","statementMap":{"0":{"start":{"line":4,"column":4},"end":{"line":4,"column":null}},"1":{"start":{"line":7,"column":8},"end":{"line":7,"column":443}},"2":{"start":{"line":8,"column":8},"end":{"line":8,"column":120}},"3":{"start":{"line":9,"column":8},"end":{"line":9,"column":120}},"4":{"start":{"line":10,"column":8},"end":{"line":10,"column":210}},"5":{"start":{"line":14,"column":8},"end":{"line":14,"column":116}},"6":{"start":{"line":15,"column":8},"end":{"line":15,"column":88}},"7":{"start":{"line":16,"column":8},"end":{"line":16,"column":88}},"8":{"start":{"line":17,"column":8},"end":{"line":17,"column":66}},"9":{"start":{"line":3,"column":0},"end":{"line":3,"column":13}}},"fnMap":{"0":{"name":"(anonymous_0)","decl":{"start":{"line":3,"column":0},"end":{"line":3,"column":13}},"loc":{"start":{"line":3,"column":0},"end":{"line":20,"column":1}}},"1":{"name":"(anonymous_1)","decl":{"start":{"line":6,"column":11},"end":{"line":6,"column":16}},"loc":{"start":{"line":6,"column":44},"end":{"line":11,"column":5}}},"2":{"name":"(anonymous_2)","decl":{"start":{"line":13,"column":11},"end":{"line":13,"column":16}},"loc":{"start":{"line":13,"column":46},"end":{"line":18,"column":5}}}},"branchMap":{},"s":{"0":0,"1":0,"2":0,"3":0,"4":0,"5":0,"6":0,"7":0,"8":0,"9":0},"f":{"0":0,"1":0,"2":0},"b":{}}
,"/home/dagargon89/gestor_vehiculos_GPJ/backend/src/database/seeds/index.ts": {"path":"/home/dagargon89/gestor_vehiculos_GPJ/backend/src/database/seeds/index.ts","statementMap":{"0":{"start":{"line":27,"column":0},"end":{"line":27,"column":7}},"1":{"start":{"line":171,"column":0},"end":{"line":171,"column":7}},"2":{"start":{"line":252,"column":0},"end":{"line":252,"column":7}},"3":{"start":{"line":267,"column":0},"end":{"line":267,"column":7}},"4":{"start":{"line":281,"column":0},"end":{"line":281,"column":7}},"5":{"start":{"line":296,"column":0},"end":{"line":296,"column":7}},"6":{"start":{"line":311,"column":0},"end":{"line":311,"column":7}},"7":{"start":{"line":326,"column":0},"end":{"line":326,"column":7}},"8":{"start":{"line":341,"column":0},"end":{"line":341,"column":7}},"9":{"start":{"line":355,"column":0},"end":{"line":355,"column":7}},"10":{"start":{"line":375,"column":0},"end":{"line":375,"column":7}},"11":{"start":{"line":392,"column":0},"end":{"line":392,"column":7}},"12":{"start":{"line":410,"column":0},"end":{"line":410,"column":7}},"13":{"start":{"line":423,"column":0},"end":{"line":423,"column":7}},"14":{"start":{"line":448,"column":0},"end":{"line":448,"column":7}},"15":{"start":{"line":2,"column":0},"end":{"line":2,"column":47}},"16":{"start":{"line":3,"column":0},"end":{"line":3,"column":59}},"17":{"start":{"line":4,"column":0},"end":{"line":4,"column":53}},"18":{"start":{"line":5,"column":0},"end":{"line":5,"column":55}},"19":{"start":{"line":6,"column":0},"end":{"line":6,"column":66}},"20":{"start":{"line":7,"column":0},"end":{"line":7,"column":61}},"21":{"start":{"line":8,"column":0},"end":{"line":8,"column":61}},"22":{"start":{"line":9,"column":0},"end":{"line":9,"column":60}},"23":{"start":{"line":10,"column":0},"end":{"line":10,"column":47}},"24":{"start":{"line":11,"column":0},"end":{"line":11,"column":55}},"25":{"start":{"line":12,"column":0},"end":{"line":12,"column":55}},"26":{"start":{"line":13,"column":0},"end":{"line":13,"column":63}},"27":{"start":{"line":14,"column":0},"end":{"line":14,"column":56}},"28":{"start":{"line":15,"column":0},"end":{"line":15,"column":62}},"29":{"start":{"line":16,"column":0},"end":{"line":16,"column":47}},"30":{"start":{"line":19,"column":14},"end":{"line":19,"column":25}},"31":{"start":{"line":20,"column":2},"end":{"line":20,"column":36}},"32":{"start":{"line":21,"column":2},"end":{"line":21,"column":13}},"33":{"start":{"line":25,"column":16},"end":{"line":25,"column":96}},"34":{"start":{"line":25,"column":69},"end":{"line":25,"column":96}},"35":{"start":{"line":28,"column":19},"end":{"line":28,"column":55}},"36":{"start":{"line":29,"column":19},"end":{"line":29,"column":49}},"37":{"start":{"line":31,"column":65},"end":{"line":89,"column":4}},"38":{"start":{"line":94,"column":30},"end":{"line":94,"column":51}},"39":{"start":{"line":95,"column":27},"end":{"line":95,"column":68}},"40":{"start":{"line":96,"column":32},"end":{"line":96,"column":95}},"41":{"start":{"line":96,"column":61},"end":{"line":96,"column":94}},"42":{"start":{"line":97,"column":25},"end":{"line":97,"column":107}},"43":{"start":{"line":98,"column":2},"end":{"line":102,"column":3}},"44":{"start":{"line":99,"column":4},"end":{"line":99,"column":78}},"45":{"start":{"line":101,"column":4},"end":{"line":101,"column":75}},"46":{"start":{"line":103,"column":22},"end":{"line":103,"column":65}},"47":{"start":{"line":105,"column":27},"end":{"line":105,"column":172}},"48":{"start":{"line":107,"column":87},"end":{"line":132,"column":4}},"49":{"start":{"line":118,"column":10},"end":{"line":120,"column":83}},"50":{"start":{"line":128,"column":10},"end":{"line":129,"column":57}},"51":{"start":{"line":137,"column":2},"end":{"line":161,"column":3}},"52":{"start":{"line":138,"column":25},"end":{"line":138,"column":106}},"53":{"start":{"line":140,"column":4},"end":{"line":149,"column":5}},"54":{"start":{"line":141,"column":19},"end":{"line":145,"column":8}},"55":{"start":{"line":146,"column":6},"end":{"line":146,"column":32}},"56":{"start
[...]
,"/home/dagargon89/gestor_vehiculos_GPJ/backend/src/modules/vehicles/vehicles.controller.ts": {"path":"/home/dagargon89/gestor_vehiculos_GPJ/backend/src/modules/vehicles/vehicles.controller.ts","statementMap":{"0":{"start":{"line":1,"column":0},"end":{"line":1,"column":null}},"1":{"start":{"line":14,"column":0},"end":{"line":14,"column":59}},"2":{"start":{"line":15,"column":0},"end":{"line":15,"column":53}},"3":{"start":{"line":16,"column":0},"end":{"line":16,"column":60}},"4":{"start":{"line":17,"column":0},"end":{"line":17,"column":76}},"5":{"start":{"line":18,"column":0},"end":{"line":18,"column":73}},"6":{"start":{"line":19,"column":0},"end":{"line":19,"column":82}},"7":{"start":{"line":20,"column":0},"end":{"line":20,"column":97}},"8":{"start":{"line":21,"column":0},"end":{"line":21,"column":60}},"9":{"start":{"line":22,"column":0},"end":{"line":22,"column":60}},"10":{"start":{"line":26,"column":7},"end":{"line":81,"column":null}},"11":{"start":{"line":28,"column":12},"end":{"line":28,"column":29}},"12":{"start":{"line":29,"column":12},"end":{"line":29,"column":28}},"13":{"start":{"line":35,"column":4},"end":{"line":35,"column":48}},"14":{"start":{"line":41,"column":4},"end":{"line":41,"column":44}},"15":{"start":{"line":47,"column":4},"end":{"line":47,"column":45}},"16":{"start":{"line":53,"column":4},"end":{"line":53,"column":49}},"17":{"start":{"line":59,"column":4},"end":{"line":59,"column":43}},"18":{"start":{"line":70,"column":4},"end":{"line":70,"column":45}},"19":{"start":{"line":70,"column":15},"end":{"line":70,"column":45}},"20":{"start":{"line":71,"column":24},"end":{"line":71,"column":90}},"21":{"start":{"line":72,"column":4},"end":{"line":72,"column":69}},"22":{"start":{"line":73,"column":4},"end":{"line":73,"column":23}},"23":{"start":{"line":79,"column":4},"end":{"line":79,"column":51}},"24":{"start":{"line":26,"column":13},"end":{"line":26,"column":31}},"25":{"start":{"line":34,"column":2},"end":{"line":36,"column":null}},"26":{"start":{"line":40,"column":2},"end":{"line":42,"column":null}},"27":{"start":{"line":46,"column":2},"end":{"line":48,"column":null}},"28":{"start":{"line":52,"column":2},"end":{"line":54,"column":null}},"29":{"start":{"line":58,"column":2},"end":{"line":60,"column":null}},"30":{"start":{"line":65,"column":8},"end":{"line":74,"column":null}},"31":{"start":{"line":78,"column":2},"end":{"line":80,"column":null}},"32":{"start":{"line":26,"column":13},"end":{"line":81,"column":null}}},"fnMap":{"0":{"name":"(anonymous_4)","decl":{"start":{"line":27,"column":2},"end":{"line":27,"column":null}},"loc":{"start":{"line":29,"column":42},"end":{"line":30,"column":6}}},"1":{"name":"(anonymous_5)","decl":{"start":{"line":34,"column":2},"end":{"line":34,"column":9}},"loc":{"start":{"line":34,"column":42},"end":{"line":36,"column":3}}},"2":{"name":"(anonymous_6)","decl":{"start":{"line":40,"column":2},"end":{"line":40,"column":9}},"loc":{"start":{"line":40,"column":33},"end":{"line":42,"column":3}}},"3":{"name":"(anonymous_7)","decl":{"start":{"line":46,"column":2},"end":{"line":46,"column":8}},"loc":{"start":{"line":46,"column":39},"end":{"line":48,"column":3}}},"4":{"name":"(anonymous_8)","decl":{"start":{"line":52,"column":2},"end":{"line":52,"column":8}},"loc":{"start":{"line":52,"column":64},"end":{"line":54,"column":3}}},"5":{"name":"(anonymous_9)","decl":{"start":{"line":58,"column":2},"end":{"line":58,"column":8}},"loc":{"start":{"line":58,"column":32},"end":{"line":60,"column":3}}},"6":{"name":"(anonymous_10)","decl":{"start":{"line":65,"column":8},"end":{"line":65,"column":19}},"loc":{"start":{"line":68,"column":43},"end":{"line":74,"column":3}}},"7":{"name":"(anonymous_11)","decl":{"start":{"line":78,"column":2},"end":{"line":78,"column":13}},"loc":{"start":{"line":78,"column":47},"end":{"line":80,"column":3}}}},"branchMap":{"0":{"loc":{"start":{"line":70,"column":4},"end":{"line":70,"column":45}},"type":"if","locations":[{"start":{"line":70,"column":4},"end":{"line":70,"column":45}},{"start":{},"end":{}}]}},"s":{"0":0,"1":0,"2":0,"3":0,"4":0,"5":0,"6":0,"7":0,"8":0,"9":0,"10":0,"11":0,"12":0,"13":0,"14":0,"15":0,"16":0,"17":0,"18":0,"19":0,"20":0,"21":0,"22":0,"23":0,"24":0,"25":0,"26":0,"27":0,"28":0,"29":0,"30":0,"31":0,"32":0},"f":{"0":0,"1":0,"2":0,"3":0,"4":0,"5":0,"6":0,"7":0},"b":{"0":[0,0]}}
,"/home/dagargon89/gestor_vehiculos_GPJ/backend/src/modules/vehicles/vehicles.module.ts": {"path":"/home/dagargon89/gestor_vehiculos_GPJ/backend/src/modules/vehicles/vehicles.module.ts","statementMap":{"0":{"start":{"line":1,"column":0},"end":{"line":1,"column":40}},"1":{"start":{"line":2,"column":0},"end":{"line":2,"column":48}},"2":{"start":{"line":3,"column":0},"end":{"line":3,"column":65}},"3":{"start":{"line":4,"column":0},"end":{"line":4,"column":73}},"4":{"start":{"line":5,"column":0},"end":{"line":5,"column":53}},"5":{"start":{"line":6,"column":0},"end":{"line":6,"column":59}},"6":{"start":{"line":7,"column":0},"end":{"line":7,"column":58}},"7":{"start":{"line":15,"column":7},"end":{"line":15,"column":null}},"8":{"start":{"line":15,"column":13},"end":{"line":15,"column":27}},"9":{"start":{"line":15,"column":13},"end":{"line":15,"column":null}}},"fnMap":{},"branchMap":{},"s":{"0":0,"1":0,"2":0,"3":0,"4":0,"5":0,"6":0,"7":0,"8":0,"9":0},"f":{},"b":{}}
,"/home/dagargon89/gestor_vehiculos_GPJ/backend/src/modules/vehicles/vehicles.service.ts": {"path":"/home/dagargon89/gestor_vehiculos_GPJ/backend/src/modules/vehicles/vehicles.service.ts","statementMap":{"0":{"start":{"line":1,"column":0},"end":{"line":1,"column":63}},"1":{"start":{"line":2,"column":0},"end":{"line":2,"column":51}},"2":{"start":{"line":3,"column":0},"end":{"line":3,"column":37}},"3":{"start":{"line":4,"column":0},"end":{"line":4,"column":65}},"4":{"start":{"line":5,"column":0},"end":{"line":5,"column":73}},"5":{"start":{"line":13,"column":7},"end":{"line":90,"column":null}},"6":{"start":{"line":16,"column":12},"end":{"line":16,"column":25}},"7":{"start":{"line":18,"column":12},"end":{"line":18,"column":29}},"8":{"start":{"line":22,"column":21},"end":{"line":25,"column":6}},"9":{"start":{"line":26,"column":4},"end":{"line":26,"column":41}},"10":{"start":{"line":26,"column":31},"end":{"line":26,"column":41}},"11":{"start":{"line":27,"column":23},"end":{"line":27,"column":48}},"12":{"start":{"line":27,"column":43},"end":{"line":27,"column":47}},"13":{"start":{"line":28,"column":25},"end":{"line":34,"column":16}},"14":{"start":{"line":35,"column":22},"end":{"line":35,"column":104}},"15":{"start":{"line":36,"column":4},"end":{"line":44,"column":5}},"16":{"start":{"line":37,"column":6},"end":{"line":43,"column":7}},"17":{"start":{"line":38,"column":21},"end":{"line":38,"column":83}},"18":{"start":{"line":39,"column":8},"end":{"line":42,"column":11}},"19":{"start":{"line":45,"column":4},"end":{"line":52,"column":7}},"20":{"start":{"line":46,"column":20},"end":{"line":46,"column":39}},"21":{"start":{"line":47,"column":6},"end":{"line":51,"column":8}},"22":{"start":{"line":56,"column":14},"end":{"line":56,"column":63}},"23":{"start":{"line":57,"column":4},"end":{"line":57,"column":66}},"24":{"start":{"line":57,"column":12},"end":{"line":57,"column":66}},"25":{"start":{"line":58,"column":17},"end":{"line":62,"column":6}},"26":{"start":{"line":63,"column":17},"end":{"line":63,"column":83}},"27":{"start":{"line":64,"column":4},"end":{"line":68,"column":6}},"28":{"start":{"line":72,"column":20},"end":{"line":72,"column":49}},"29":{"start":{"line":73,"column":4},"end":{"line":73,"column":42}},"30":{"start":{"line":77,"column":4},"end":{"line":77,"column":44}},"31":{"start":{"line":78,"column":4},"end":{"line":78,"column":28}},"32":{"start":{"line":82,"column":4},"end":{"line":82,"column":42}},"33":{"start":{"line":86,"column":14},"end":{"line":86,"column":36}},"34":{"start":{"line":87,"column":17},"end":{"line":87,"column":70}},"35":{"start":{"line":88,"column":4},"end":{"line":88,"column":48}},"36":{"start":{"line":13,"column":13},"end":{"line":13,"column":28}},"37":{"start":{"line":13,"column":13},"end":{"line":90,"column":null}}},"fnMap":{"0":{"name":"(anonymous_4)","decl":{"start":{"line":14,"column":2},"end":{"line":14,"column":null}},"loc":{"start":{"line":18,"column":52},"end":{"line":19,"column":6}}},"1":{"name":"(anonymous_5)","decl":{"start":{"line":21,"column":2},"end":{"line":21,"column":7}},"loc":{"start":{"line":21,"column":31},"end":{"line":53,"column":3}}},"2":{"name":"(anonymous_6)","decl":{"start":{"line":27,"column":36},"end":{"line":27,"column":37}},"loc":{"start":{"line":27,"column":43},"end":{"line":27,"column":47}}},"3":{"name":"(anonymous_7)","decl":{"start":{"line":45,"column":24},"end":{"line":45,"column":25}},"loc":{"start":{"line":45,"column":30},"end":{"line":52,"column":5}}},"4":{"name":"(anonymous_8)","decl":{"start":{"line":55,"column":2},"end":{"line":55,"column":7}},"loc":{"start":{"line":55,"column":26},"end":{"line":69,"column":3}}},"5":{"name":"(anonymous_9)","decl":{"start":{"line":71,"column":2},"end":{"line":71,"column":7}},"loc":{"start":{"line":71,"column":37},"end":{"line":74,"column":3}}},"6":{"name":"(anonymous_10)","decl":{"start":{"line":76,"column":2},"end":{"line":76,"column":7}},"loc":{"start":{"line":76,"column":49},"end":{"line":79,"column":3}}},"7":{"name":"(anonymous_11)","decl":{"start":{"line":81,"column":2},"end":{"line":81,"column":7}},"loc":{"start":{"line":81,"column":25},"end":{"line":83,"column":3}}},"8":{"name":"(anonymous_12)","decl":{"start":{"line":85,"column":2},"end":{"line":85,"column":7}},"loc":{"start":{"line":85,"column":45},"end":{"line":89,"column":3}}}},"branchMap":{"0":{"loc":{"start":{"line":23,"column":13},"end":{"line":23,"column":37}},"type":"cond-expr","locations":[{"start":{"line":23,"column":22},"end":{"line":23,"column":32}},{"start":{"line":23,"column":35},"end":{"line":23,"column":37}}]},"1":{"loc":{"start":{"line":26,"column":4},"end":{"line":26,"column":41}},"type":"if","locations":[{"start":{"line":26,"column":4},"end":{"line":26,"column":41}},{"start":{},"end":{}}]},"2":{"loc":{"start":{"line":37,"column":6},"end":{"line":43,"column":7}},"type":"if","locations":[{"start":{"line":37,"column":6},"end":{"line":43,"column":7}},{"start":{},"end":{}}]},"3":{"loc":{"start":{"line":40,"column":25},"end":{"line":40,"column":52}},"type":"binary-expr","locations":[{"start":{"line":40,"column":25},"end":{"line":40,"column":44}},{"start":{"line":40,"column":48},"end":{"line":40,"column":52}}]},"4":{"loc":{"start":{"line":41,"column":26},"end":{"line":41,"column":80}},"type":"cond-expr","locations":[{"start":{"line":41,"column":33},"end":{"line":41,"column":73}},{"start":{"line":41,"column":76},"end":{"line":41,"column":80}}]},"5":{"loc":{"start":{"line":41,"column":33},"end":{"line":41,"column":73}},"type":"binary-expr","locations":[{"start":{"line":41,"column":34},"end":{"line":41,"column":50}},{"start":{"line":41,"column":54},"end":{"line":41,"column":64}},{"start":{"line":41,"column":69},"end":{"line":41,"column":73}}]},"6":{"loc":{"start":{"line":49,"column":23},"end":{"line":49,"column":51}},"type":"binary-expr","locations":[{"start":{"line":49,"column":23},"end":{"line":49,"column":43}},{"start":{"line":49,"column":47},"end":{"line":49,"column":51}}]},"7":{"loc":{"start":{"line":50,"column":24},"end":{"line":50,"column":53}},"type":"binary-expr","locations":[{"start":{"line":50,"column":24},"end":{"line":50,"column":45}},{"start":{"line":50,"column":49},"end":{"line":50,"column":53}}]},"8":{"loc":{"start":{"line":57,"column":4},"end":{"line":57,"column":66}},"type":"if","locations":[{"start":{"line":57,"column":4},"end":{"line":57,"column":66}},{"start":{},"end":{}}]},"9":{"loc":{"start":{"line":66,"column":21},"end":{"line":66,"column":52}},"type":"binary-expr","locations":[{"start":{"line":66,"column":21},"end":{"line":66,"column":44}},{"start":{"line":66,"column":48},"end":{"line":66,"column":52}}]},"10":{"loc":{"start":{"line":67,"column":22},"end":{"line":67,"column":76}},"type":"cond-expr","locations":[{"start":{"line":67,"column":29},"end":{"line":67,"column":69}},{"start":{"line":67,"column":72},"end":{"line":67,"column":76}}]},"11":{"loc":{"start":{"line":67,"column":29},"end":{"line":67,"column":69}},"type":"binary-expr","locations":[{"start":{"line":67,"column":30},"end":{"line":67,"column":46}},{"start":{"line":67,"column":50},"end":{"line":67,"column":60}},{"start":{"line":67,"column":65},"end":{"line":67,"column":69}}]},"12":{"loc":{"start":{"line":87,"column":17},"end":{"line":87,"column":70}},"type":"cond-expr","locations":[{"start":{"line":87,"column":31},"end":{"line":87,"column":59}},{"start":{"line":87,"column":62},"end":{"line":87,"column":70}}]}},"s":{"0":1,"1":1,"2":1,"3":1,"4":1,"5":1,"6":0,"7":0,"8":0,"9":0,"10":0,"11":0,"12":0,"13":0,"14":0,"15":0,"16":0,"17":0,"18":0,"19":0,"20":0,"21":0,"22":0,"23":0,"24":0,"25":0,"26":0,"27":0,"28":0,"29":0,"30":0,"31":0,"32":0,"33":0,"34":0,"35":0,"36":1,"37":1},"f":{"0":0,"1":0,"2":0,"3":0,"4":0,"5":0,"6":0,"7":0,"8":0},"b":{"0":[0,0],"1":[0,0],"2":[0,0],"3":[0,0],"4":[0,0],"5":[0,0,0],"6":[0,0],"7":[0,0],"8":[0,0],"9":[0,0],"10":[0,0],"11":[0,0,0],"12":[0,0]}}
,"/home/dagargon89/gestor_vehiculos_GPJ/backend/src/modules/vehicles/dto/create-vehicle.dto.ts": {"path":"/home/dagargon89/gestor_vehiculos_GPJ/backend/src/modules/vehicles/dto/create-vehicle.dto.ts","statementMap":{"0":{"start":{"line":1,"column":0},"end":{"line":1,"column":80}},"1":{"start":{"line":2,"column":0},"end":{"line":2,"column":41}},"2":{"start":{"line":4,"column":0},"end":{"line":4,"column":13}},"3":{"start":{"line":6,"column":2},"end":{"line":6,"column":null}},"4":{"start":{"line":9,"column":2},"end":{"line":9,"column":null}},"5":{"start":{"line":12,"column":2},"end":{"line":12,"column":null}},"6":{"start":{"line":19,"column":2},"end":{"line":19,"column":null}},"7":{"start":{"line":15,"column":14},"end":{"line":15,"column":20}},"8":{"start":{"line":23,"column":2},"end":{"line":23,"column":null}},"9":{"start":{"line":27,"column":2},"end":{"line":27,"column":null}},"10":{"start":{"line":31,"column":2},"end":{"line":31,"column":null}},"11":{"start":{"line":35,"column":2},"end":{"line":35,"column":null}},"12":{"start":{"line":41,"column":2},"end":{"line":41,"column":null}},"13":{"start":{"line":38,"column":14},"end":{"line":38,"column":20}},"14":{"start":{"line":47,"column":2},"end":{"line":47,"column":null}},"15":{"start":{"line":44,"column":14},"end":{"line":44,"column":20}},"16":{"start":{"line":53,"column":2},"end":{"line":53,"column":null}},"17":{"start":{"line":50,"column":14},"end":{"line":50,"column":20}},"18":{"start":{"line":59,"column":2},"end":{"line":59,"column":null}},"19":{"start":{"line":56,"column":14},"end":{"line":56,"column":20}},"20":{"start":{"line":64,"column":2},"end":{"line":64,"column":null}},"21":{"start":{"line":62,"column":14},"end":{"line":62,"column":18}}},"fnMap":{"0":{"name":"(anonymous_2)","decl":{"start":{"line":15,"column":8},"end":{"line":15,"column":11}},"loc":{"start":{"line":15,"column":14},"end":{"line":15,"column":20}}},"1":{"name":"(anonymous_3)","decl":{"start":{"line":38,"column":8},"end":{"line":38,"column":11}},"loc":{"start":{"line":38,"column":14},"end":{"line":38,"column":20}}},"2":{"name":"(anonymous_4)","decl":{"start":{"line":44,"column":8},"end":{"line":44,"column":11}},"loc":{"start":{"line":44,"column":14},"end":{"line":44,"column":20}}},"3":{"name":"(anonymous_5)","decl":{"start":{"line":50,"column":8},"end":{"line":50,"column":11}},"loc":{"start":{"line":50,"column":14},"end":{"line":50,"column":20}}},"4":{"name":"(anonymous_6)","decl":{"start":{"line":56,"column":8},"end":{"line":56,"column":11}},"loc":{"start":{"line":56,"column":14},"end":{"line":56,"column":20}}},"5":{"name":"(anonymous_7)","decl":{"start":{"line":62,"column":8},"end":{"line":62,"column":11}},"loc":{"start":{"line":62,"column":14},"end":{"line":62,"column":18}}}},"branchMap":{},"s":{"0":0,"1":0,"2":0,"3":0,"4":0,"5":0,"6":0,"7":0,"8":0,"9":0,"10":0,"11":0,"12":0,"13":0,"14":0,"15":0,"16":0,"17":0,"18":0,"19":0,"20":0,"21":0},"f":{"0":0,"1":0,"2":0,"3":0,"4":0,"5":0},"b":{}}
,"/home/dagargon89/gestor_vehiculos_GPJ/backend/src/modules/vehicles/dto/update-vehicle.dto.ts": {"path":"/home/dagargon89/gestor_vehiculos_GPJ/backend/src/modules/vehicles/dto/update-vehicle.dto.ts","statementMap":{"0":{"start":{"line":1,"column":0},"end":{"line":1,"column":80}},"1":{"start":{"line":2,"column":0},"end":{"line":2,"column":41}},"2":{"start":{"line":4,"column":0},"end":{"line":4,"column":13}},"3":{"start":{"line":7,"column":2},"end":{"line":7,"column":null}},"4":{"start":{"line":11,"column":2},"end":{"line":11,"column":null}},"5":{"start":{"line":15,"column":2},"end":{"line":15,"column":null}},"6":{"start":{"line":22,"column":2},"end":{"line":22,"column":null}},"7":{"start":{"line":18,"column":14},"end":{"line":18,"column":20}},"8":{"start":{"line":26,"column":2},"end":{"line":26,"column":null}},"9":{"start":{"line":30,"column":2},"end":{"line":30,"column":null}},"10":{"start":{"line":34,"column":2},"end":{"line":34,"column":null}},"11":{"start":{"line":38,"column":2},"end":{"line":38,"column":null}},"12":{"start":{"line":44,"column":2},"end":{"line":44,"column":null}},"13":{"start":{"line":41,"column":14},"end":{"line":41,"column":20}},"14":{"start":{"line":50,"column":2},"end":{"line":50,"column":null}},"15":{"start":{"line":47,"column":14},"end":{"line":47,"column":20}},"16":{"start":{"line":56,"column":2},"end":{"line":56,"column":null}},"17":{"start":{"line":53,"column":14},"end":{"line":53,"column":20}},"18":{"start":{"line":62,"column":2},"end":{"line":62,"column":null}},"19":{"start":{"line":59,"column":14},"end":{"line":59,"column":20}},"20":{"start":{"line":67,"column":2},"end":{"line":67,"column":null}},"21":{"start":{"line":65,"column":14},"end":{"line":65,"column":18}}},"fnMap":{"0":{"name":"(anonymous_2)","decl":{"start":{"line":18,"column":8},"end":{"line":18,"column":11}},"loc":{"start":{"line":18,"column":14},"end":{"line":18,"column":20}}},"1":{"name":"(anonymous_3)","decl":{"start":{"line":41,"column":8},"end":{"line":41,"column":11}},"loc":{"start":{"line":41,"column":14},"end":{"line":41,"column":20}}},"2":{"name":"(anonymous_4)","decl":{"start":{"line":47,"column":8},"end":{"line":47,"column":11}},"loc":{"start":{"line":47,"column":14},"end":{"line":47,"column":20}}},"3":{"name":"(anonymous_5)","decl":{"start":{"line":53,"column":8},"end":{"line":53,"column":11}},"loc":{"start":{"line":53,"column":14},"end":{"line":53,"column":20}}},"4":{"name":"(anonymous_6)","decl":{"start":{"line":59,"column":8},"end":{"line":59,"column":11}},"loc":{"start":{"line":59,"column":14},"end":{"line":59,"column":20}}},"5":{"name":"(anonymous_7)","decl":{"start":{"line":65,"column":8},"end":{"line":65,"column":11}},"loc":{"start":{"line":65,"column":14},"end":{"line":65,"column":18}}}},"branchMap":{},"s":{"0":0,"1":0,"2":0,"3":0,"4":0,"5":0,"6":0,"7":0,"8":0,"9":0,"10":0,"11":0,"12":0,"13":0,"14":0,"15":0,"16":0,"17":0,"18":0,"19":0,"20":0,"21":0},"f":{"0":0,"1":0,"2":0,"3":0,"4":0,"5":0},"b":{}}
}
